[2021-04-29 10:53:33,932]-[6336]-[autoreload.py:617]-[autoreload:run_with_reloader]-[INFO]- Watching for file changes with StatReloader
[2021-04-29 10:53:39,615]-[6336]-[views_vue.py:1466]-[views_vue:Orthogonal]-[INFO]- 请求参数！
[2021-04-29 10:53:39,706]-[6336]-[basehttp.py:157]-[basehttp:log_message]-[INFO]- "POST /apis/Orthogonal HTTP/1.1" 200 323
[2021-04-29 10:56:54,369]-[6336]-[autoreload.py:240]-[autoreload:trigger_reload]-[INFO]- D:\platform\My_api\views_vue.py changed, reloading.
[2021-04-29 10:56:55,437]-[33480]-[autoreload.py:617]-[autoreload:run_with_reloader]-[INFO]- Watching for file changes with StatReloader
[2021-04-29 10:57:16,921]-[33480]-[autoreload.py:240]-[autoreload:trigger_reload]-[INFO]- D:\platform\My_api\views_vue.py changed, reloading.
[2021-04-29 10:57:18,165]-[37448]-[autoreload.py:617]-[autoreload:run_with_reloader]-[INFO]- Watching for file changes with StatReloader
[2021-04-29 10:57:23,250]-[37448]-[views_vue.py:1466]-[views_vue:Orthogonal]-[INFO]- 请求参数！
[2021-04-29 10:57:23,268]-[37448]-[basehttp.py:157]-[basehttp:log_message]-[INFO]- "POST /apis/Orthogonal HTTP/1.1" 200 63
[2021-04-29 11:03:32,631]-[37448]-[views_vue.py:54]-[views_vue:userInfo]-[INFO]- 登录用户：lxqiang95
[2021-04-29 11:03:32,632]-[37448]-[basehttp.py:157]-[basehttp:log_message]-[INFO]- "POST /userInfo HTTP/1.1" 200 163
[2021-04-29 11:06:07,740]-[37448]-[views_vue.py:54]-[views_vue:userInfo]-[INFO]- 登录用户：lxqiang95
[2021-04-29 11:06:07,741]-[37448]-[basehttp.py:157]-[basehttp:log_message]-[INFO]- "POST /userInfo HTTP/1.1" 200 163
[2021-04-29 11:08:17,131]-[37448]-[views_vue.py:54]-[views_vue:userInfo]-[INFO]- 登录用户：lxqiang95
[2021-04-29 11:08:17,132]-[37448]-[basehttp.py:157]-[basehttp:log_message]-[INFO]- "POST /userInfo HTTP/1.1" 200 163
[2021-04-29 11:16:13,294]-[37448]-[views_vue.py:54]-[views_vue:userInfo]-[INFO]- 登录用户：lxqiang95
[2021-04-29 11:16:13,296]-[37448]-[basehttp.py:157]-[basehttp:log_message]-[INFO]- "POST /userInfo HTTP/1.1" 200 163
[2021-04-29 11:20:08,677]-[37448]-[views_vue.py:1466]-[views_vue:Orthogonal]-[INFO]- 请求参数！
[2021-04-29 11:20:08,678]-[37448]-[basehttp.py:157]-[basehttp:log_message]-[INFO]- "POST /apis/Orthogonal HTTP/1.1" 200 37
[2021-04-29 11:20:45,147]-[37448]-[views_vue.py:54]-[views_vue:userInfo]-[INFO]- 登录用户：lxqiang95
[2021-04-29 11:20:45,148]-[37448]-[basehttp.py:157]-[basehttp:log_message]-[INFO]- "POST /userInfo HTTP/1.1" 200 163
[2021-04-29 11:20:48,150]-[37448]-[views_vue.py:1466]-[views_vue:Orthogonal]-[INFO]- 请求参数！
[2021-04-29 11:20:48,152]-[37448]-[basehttp.py:157]-[basehttp:log_message]-[INFO]- "POST /apis/Orthogonal HTTP/1.1" 200 37
[2021-04-29 11:22:37,473]-[37448]-[views_vue.py:54]-[views_vue:userInfo]-[INFO]- 登录用户：lxqiang95
[2021-04-29 11:22:37,473]-[37448]-[basehttp.py:157]-[basehttp:log_message]-[INFO]- "POST /userInfo HTTP/1.1" 200 163
[2021-04-29 11:23:40,637]-[37448]-[views_vue.py:54]-[views_vue:userInfo]-[INFO]- 登录用户：lxqiang95
[2021-04-29 11:23:40,638]-[37448]-[basehttp.py:157]-[basehttp:log_message]-[INFO]- "POST /userInfo HTTP/1.1" 200 163
[2021-04-29 11:23:45,211]-[37448]-[views_vue.py:1466]-[views_vue:Orthogonal]-[INFO]- 请求参数！
[2021-04-29 11:23:45,212]-[37448]-[basehttp.py:157]-[basehttp:log_message]-[INFO]- "POST /apis/Orthogonal HTTP/1.1" 200 37
[2021-04-29 11:24:11,288]-[37448]-[views_vue.py:54]-[views_vue:userInfo]-[INFO]- 登录用户：lxqiang95
[2021-04-29 11:24:11,289]-[37448]-[basehttp.py:157]-[basehttp:log_message]-[INFO]- "POST /userInfo HTTP/1.1" 200 163
[2021-04-29 11:31:10,503]-[37448]-[views_vue.py:54]-[views_vue:userInfo]-[INFO]- 登录用户：lxqiang95
[2021-04-29 11:31:10,504]-[37448]-[basehttp.py:157]-[basehttp:log_message]-[INFO]- "POST /userInfo HTTP/1.1" 200 163
[2021-04-29 11:33:03,861]-[37448]-[views_vue.py:1466]-[views_vue:Orthogonal]-[INFO]- 请求参数！
[2021-04-29 11:33:03,863]-[37448]-[basehttp.py:157]-[basehttp:log_message]-[INFO]- "POST /apis/Orthogonal HTTP/1.1" 200 108
[2021-04-29 11:33:37,042]-[37448]-[views_vue.py:54]-[views_vue:userInfo]-[INFO]- 登录用户：lxqiang95
[2021-04-29 11:33:37,043]-[37448]-[basehttp.py:157]-[basehttp:log_message]-[INFO]- "POST /userInfo HTTP/1.1" 200 163
[2021-04-29 11:34:16,776]-[37448]-[views_vue.py:54]-[views_vue:userInfo]-[INFO]- 登录用户：lxqiang95
[2021-04-29 11:34:16,777]-[37448]-[basehttp.py:157]-[basehttp:log_message]-[INFO]- "POST /userInfo HTTP/1.1" 200 163
[2021-04-29 11:43:46,480]-[37448]-[views_vue.py:54]-[views_vue:userInfo]-[INFO]- 登录用户：lxqiang95
[2021-04-29 11:43:46,480]-[37448]-[basehttp.py:157]-[basehttp:log_message]-[INFO]- "POST /userInfo HTTP/1.1" 200 163
[2021-04-29 11:45:44,703]-[37448]-[views_vue.py:54]-[views_vue:userInfo]-[INFO]- 登录用户：lxqiang95
[2021-04-29 11:45:44,704]-[37448]-[basehttp.py:157]-[basehttp:log_message]-[INFO]- "POST /userInfo HTTP/1.1" 200 163
[2021-04-29 11:48:25,699]-[37448]-[views_vue.py:54]-[views_vue:userInfo]-[INFO]- 登录用户：lxqiang95
[2021-04-29 11:48:25,700]-[37448]-[basehttp.py:157]-[basehttp:log_message]-[INFO]- "POST /userInfo HTTP/1.1" 200 163
[2021-04-29 11:50:06,984]-[37448]-[views_vue.py:54]-[views_vue:userInfo]-[INFO]- 登录用户：lxqiang95
[2021-04-29 11:50:06,985]-[37448]-[basehttp.py:157]-[basehttp:log_message]-[INFO]- "POST /userInfo HTTP/1.1" 200 163
[2021-04-29 11:51:06,379]-[37448]-[views_vue.py:54]-[views_vue:userInfo]-[INFO]- 登录用户：lxqiang95
[2021-04-29 11:51:06,379]-[37448]-[basehttp.py:157]-[basehttp:log_message]-[INFO]- "POST /userInfo HTTP/1.1" 200 163
[2021-04-29 11:51:42,437]-[37448]-[views_vue.py:54]-[views_vue:userInfo]-[INFO]- 登录用户：lxqiang95
[2021-04-29 11:51:42,437]-[37448]-[basehttp.py:157]-[basehttp:log_message]-[INFO]- "POST /userInfo HTTP/1.1" 200 163
[2021-04-29 11:51:46,988]-[37448]-[views_vue.py:54]-[views_vue:userInfo]-[INFO]- 登录用户：lxqiang95
[2021-04-29 11:51:46,989]-[37448]-[basehttp.py:157]-[basehttp:log_message]-[INFO]- "POST /userInfo HTTP/1.1" 200 163
[2021-04-29 11:53:05,082]-[37448]-[views_vue.py:54]-[views_vue:userInfo]-[INFO]- 登录用户：lxqiang95
[2021-04-29 11:53:05,083]-[37448]-[basehttp.py:157]-[basehttp:log_message]-[INFO]- "POST /userInfo HTTP/1.1" 200 163
[2021-04-29 11:53:35,117]-[37448]-[views_vue.py:54]-[views_vue:userInfo]-[INFO]- 登录用户：lxqiang95
[2021-04-29 11:53:35,117]-[37448]-[basehttp.py:157]-[basehttp:log_message]-[INFO]- "POST /userInfo HTTP/1.1" 200 163
[2021-04-29 13:18:26,344]-[37448]-[basehttp.py:157]-[basehttp:log_message]-[INFO]- "OPTIONS /userInfo HTTP/1.1" 200 0
[2021-04-29 13:18:26,347]-[37448]-[views_vue.py:1381]-[views_vue:community]-[ERROR]- 请求出错：<HttpResponse status_code=402, "text/html; charset=utf-8">
[2021-04-29 13:18:26,347]-[37448]-[views_vue.py:1381]-[views_vue:community]-[ERROR]- 请求出错：<HttpResponse status_code=402, "text/html; charset=utf-8">
[2021-04-29 13:18:26,348]-[37448]-[log.py:224]-[log:log_response]-[WARNING]- Payment Required: /userInfo
[2021-04-29 13:18:26,348]-[37448]-[basehttp.py:157]-[basehttp:log_message]-[WARNING]- "POST /userInfo HTTP/1.1" 402 56
[2021-04-29 13:18:32,744]-[37448]-[basehttp.py:157]-[basehttp:log_message]-[INFO]- "POST /publicKey HTTP/1.1" 200 296
[2021-04-29 13:18:32,752]-[37448]-[basehttp.py:157]-[basehttp:log_message]-[INFO]- "OPTIONS /login_action HTTP/1.1" 200 0
[2021-04-29 13:18:32,753]-[37448]-[views_vue.py:73]-[views_vue:login_action]-[INFO]- 请求参数：{'username': 'lxqiang95', 'password': 'lxqiang95'}
[2021-04-29 13:18:32,754]-[37448]-[views_vue.py:79]-[views_vue:login_action]-[INFO]- 请求参数：{'username': 'lxqiang95', 'password': 'lxqiang95'}
[2021-04-29 13:18:32,780]-[37448]-[basehttp.py:157]-[basehttp:log_message]-[INFO]- "POST /login_action HTTP/1.1" 200 106
[2021-04-29 13:18:32,794]-[37448]-[views_vue.py:54]-[views_vue:userInfo]-[INFO]- 登录用户：lxqiang95
[2021-04-29 13:18:32,795]-[37448]-[basehttp.py:157]-[basehttp:log_message]-[INFO]- "POST /userInfo HTTP/1.1" 200 163
[2021-04-29 13:19:56,644]-[37448]-[views_vue.py:54]-[views_vue:userInfo]-[INFO]- 登录用户：lxqiang95
[2021-04-29 13:19:56,645]-[37448]-[basehttp.py:157]-[basehttp:log_message]-[INFO]- "POST /userInfo HTTP/1.1" 200 163
[2021-04-29 13:23:43,571]-[37448]-[views_vue.py:54]-[views_vue:userInfo]-[INFO]- 登录用户：lxqiang95
[2021-04-29 13:23:43,572]-[37448]-[basehttp.py:157]-[basehttp:log_message]-[INFO]- "POST /userInfo HTTP/1.1" 200 163
[2021-04-29 13:24:25,846]-[37448]-[views_vue.py:54]-[views_vue:userInfo]-[INFO]- 登录用户：lxqiang95
[2021-04-29 13:24:25,847]-[37448]-[basehttp.py:157]-[basehttp:log_message]-[INFO]- "POST /userInfo HTTP/1.1" 200 163
[2021-04-29 13:25:53,020]-[37448]-[views_vue.py:54]-[views_vue:userInfo]-[INFO]- 登录用户：lxqiang95
[2021-04-29 13:25:53,021]-[37448]-[basehttp.py:157]-[basehttp:log_message]-[INFO]- "POST /userInfo HTTP/1.1" 200 163
[2021-04-29 13:26:11,204]-[37448]-[views_vue.py:54]-[views_vue:userInfo]-[INFO]- 登录用户：lxqiang95
[2021-04-29 13:26:11,204]-[37448]-[basehttp.py:157]-[basehttp:log_message]-[INFO]- "POST /userInfo HTTP/1.1" 200 163
[2021-04-29 13:26:44,795]-[37448]-[views_vue.py:54]-[views_vue:userInfo]-[INFO]- 登录用户：lxqiang95
[2021-04-29 13:26:44,796]-[37448]-[basehttp.py:157]-[basehttp:log_message]-[INFO]- "POST /userInfo HTTP/1.1" 200 163
[2021-04-29 13:30:00,495]-[37448]-[views_vue.py:54]-[views_vue:userInfo]-[INFO]- 登录用户：lxqiang95
[2021-04-29 13:30:00,496]-[37448]-[basehttp.py:157]-[basehttp:log_message]-[INFO]- "POST /userInfo HTTP/1.1" 200 163
[2021-04-29 13:30:11,750]-[37448]-[views_vue.py:54]-[views_vue:userInfo]-[INFO]- 登录用户：lxqiang95
[2021-04-29 13:30:11,751]-[37448]-[basehttp.py:157]-[basehttp:log_message]-[INFO]- "POST /userInfo HTTP/1.1" 200 163
[2021-04-29 13:34:01,190]-[37448]-[basehttp.py:157]-[basehttp:log_message]-[INFO]- "OPTIONS /apis/Orthogonal HTTP/1.1" 200 0
[2021-04-29 13:34:01,197]-[37448]-[views_vue.py:1466]-[views_vue:Orthogonal]-[INFO]- 请求参数！
[2021-04-29 13:34:01,200]-[37448]-[basehttp.py:157]-[basehttp:log_message]-[INFO]- "POST /apis/Orthogonal HTTP/1.1" 200 63
[2021-04-29 13:34:19,341]-[37448]-[views_vue.py:1466]-[views_vue:Orthogonal]-[INFO]- 请求参数！
[2021-04-29 13:34:19,406]-[37448]-[basehttp.py:157]-[basehttp:log_message]-[INFO]- "POST /apis/Orthogonal HTTP/1.1" 200 323
[2021-04-29 13:35:54,984]-[37448]-[views_vue.py:54]-[views_vue:userInfo]-[INFO]- 登录用户：lxqiang95
[2021-04-29 13:35:54,984]-[37448]-[basehttp.py:157]-[basehttp:log_message]-[INFO]- "POST /userInfo HTTP/1.1" 200 163
[2021-04-29 13:36:11,429]-[37448]-[views_vue.py:54]-[views_vue:userInfo]-[INFO]- 登录用户：lxqiang95
[2021-04-29 13:36:11,430]-[37448]-[basehttp.py:157]-[basehttp:log_message]-[INFO]- "POST /userInfo HTTP/1.1" 200 163
[2021-04-29 13:37:33,163]-[37448]-[views_vue.py:1466]-[views_vue:Orthogonal]-[INFO]- 请求参数！
[2021-04-29 13:37:33,165]-[37448]-[basehttp.py:157]-[basehttp:log_message]-[INFO]- "POST /apis/Orthogonal HTTP/1.1" 200 175
[2021-04-29 13:38:44,195]-[37448]-[views_vue.py:1466]-[views_vue:Orthogonal]-[INFO]- 请求参数！
[2021-04-29 13:38:44,214]-[37448]-[basehttp.py:157]-[basehttp:log_message]-[INFO]- "POST /apis/Orthogonal HTTP/1.1" 200 1291
[2021-04-29 13:40:17,428]-[37448]-[views_vue.py:1466]-[views_vue:Orthogonal]-[INFO]- 请求参数！
[2021-04-29 13:40:17,430]-[37448]-[basehttp.py:157]-[basehttp:log_message]-[INFO]- "POST /apis/Orthogonal HTTP/1.1" 200 131
[2021-04-29 13:42:40,531]-[37448]-[views_vue.py:1466]-[views_vue:Orthogonal]-[INFO]- 请求参数！
[2021-04-29 13:42:40,533]-[37448]-[basehttp.py:157]-[basehttp:log_message]-[INFO]- "POST /apis/Orthogonal HTTP/1.1" 200 131
[2021-04-29 13:42:53,082]-[37448]-[views_vue.py:54]-[views_vue:userInfo]-[INFO]- 登录用户：lxqiang95
[2021-04-29 13:42:53,083]-[37448]-[basehttp.py:157]-[basehttp:log_message]-[INFO]- "POST /userInfo HTTP/1.1" 200 163
[2021-04-29 13:43:09,957]-[37448]-[views_vue.py:1466]-[views_vue:Orthogonal]-[INFO]- 请求参数！
[2021-04-29 13:43:09,959]-[37448]-[basehttp.py:157]-[basehttp:log_message]-[INFO]- "POST /apis/Orthogonal HTTP/1.1" 200 102
[2021-04-29 13:43:24,731]-[37448]-[views_vue.py:1466]-[views_vue:Orthogonal]-[INFO]- 请求参数！
[2021-04-29 13:43:24,733]-[37448]-[basehttp.py:157]-[basehttp:log_message]-[INFO]- "POST /apis/Orthogonal HTTP/1.1" 200 102
[2021-04-29 13:43:57,578]-[37448]-[views_vue.py:1466]-[views_vue:Orthogonal]-[INFO]- 请求参数！
[2021-04-29 13:43:57,580]-[37448]-[basehttp.py:157]-[basehttp:log_message]-[INFO]- "POST /apis/Orthogonal HTTP/1.1" 200 46
[2021-04-29 13:44:15,564]-[37448]-[views_vue.py:1466]-[views_vue:Orthogonal]-[INFO]- 请求参数！
[2021-04-29 13:44:15,567]-[37448]-[basehttp.py:157]-[basehttp:log_message]-[INFO]- "POST /apis/Orthogonal HTTP/1.1" 200 37
[2021-04-29 13:44:42,146]-[37448]-[views_vue.py:1466]-[views_vue:Orthogonal]-[INFO]- 请求参数！
[2021-04-29 13:44:42,168]-[37448]-[basehttp.py:157]-[basehttp:log_message]-[INFO]- "POST /apis/Orthogonal HTTP/1.1" 200 269
[2021-04-29 13:45:31,050]-[37448]-[views_vue.py:1466]-[views_vue:Orthogonal]-[INFO]- 请求参数！
[2021-04-29 13:45:31,051]-[37448]-[basehttp.py:157]-[basehttp:log_message]-[INFO]- "POST /apis/Orthogonal HTTP/1.1" 200 37
[2021-04-29 13:45:38,340]-[37448]-[views_vue.py:1466]-[views_vue:Orthogonal]-[INFO]- 请求参数！
[2021-04-29 13:45:38,345]-[37448]-[basehttp.py:157]-[basehttp:log_message]-[INFO]- "POST /apis/Orthogonal HTTP/1.1" 200 58
[2021-04-29 13:48:08,144]-[37448]-[views_vue.py:54]-[views_vue:userInfo]-[INFO]- 登录用户：lxqiang95
[2021-04-29 13:48:08,145]-[37448]-[basehttp.py:157]-[basehttp:log_message]-[INFO]- "POST /userInfo HTTP/1.1" 200 163
[2021-04-29 13:48:35,019]-[37448]-[views_vue.py:54]-[views_vue:userInfo]-[INFO]- 登录用户：lxqiang95
[2021-04-29 13:48:35,019]-[37448]-[basehttp.py:157]-[basehttp:log_message]-[INFO]- "POST /userInfo HTTP/1.1" 200 163
[2021-04-29 13:48:38,614]-[37448]-[views_vue.py:1466]-[views_vue:Orthogonal]-[INFO]- 请求参数！
[2021-04-29 13:48:38,616]-[37448]-[basehttp.py:157]-[basehttp:log_message]-[INFO]- "POST /apis/Orthogonal HTTP/1.1" 200 51
[2021-04-29 13:57:22,397]-[37448]-[views_vue.py:1466]-[views_vue:Orthogonal]-[INFO]- 请求参数！
[2021-04-29 13:57:22,401]-[37448]-[basehttp.py:157]-[basehttp:log_message]-[INFO]- "POST /apis/Orthogonal HTTP/1.1" 200 37
[2021-04-29 13:57:28,170]-[37448]-[views_vue.py:1466]-[views_vue:Orthogonal]-[INFO]- 请求参数！
[2021-04-29 13:57:28,172]-[37448]-[basehttp.py:157]-[basehttp:log_message]-[INFO]- "POST /apis/Orthogonal HTTP/1.1" 200 37
[2021-04-29 13:58:13,479]-[37448]-[views_vue.py:1466]-[views_vue:Orthogonal]-[INFO]- 请求参数！
[2021-04-29 13:58:13,483]-[37448]-[basehttp.py:157]-[basehttp:log_message]-[INFO]- "POST /apis/Orthogonal HTTP/1.1" 200 37
[2021-04-29 13:58:24,708]-[37448]-[views_vue.py:54]-[views_vue:userInfo]-[INFO]- 登录用户：lxqiang95
[2021-04-29 13:58:24,708]-[37448]-[basehttp.py:157]-[basehttp:log_message]-[INFO]- "POST /userInfo HTTP/1.1" 200 163
[2021-04-29 13:58:29,077]-[37448]-[views_vue.py:1466]-[views_vue:Orthogonal]-[INFO]- 请求参数！
[2021-04-29 13:58:29,080]-[37448]-[basehttp.py:157]-[basehttp:log_message]-[INFO]- "POST /apis/Orthogonal HTTP/1.1" 200 37
[2021-04-29 13:58:55,744]-[37448]-[views_vue.py:1466]-[views_vue:Orthogonal]-[INFO]- 请求参数！
[2021-04-29 13:58:55,747]-[37448]-[basehttp.py:157]-[basehttp:log_message]-[INFO]- "POST /apis/Orthogonal HTTP/1.1" 200 65
[2021-04-29 13:59:34,908]-[37448]-[views_vue.py:1466]-[views_vue:Orthogonal]-[INFO]- 请求参数！
[2021-04-29 13:59:34,910]-[37448]-[basehttp.py:157]-[basehttp:log_message]-[INFO]- "POST /apis/Orthogonal HTTP/1.1" 200 37
[2021-04-29 14:00:18,705]-[37448]-[views_vue.py:1466]-[views_vue:Orthogonal]-[INFO]- 请求参数！
[2021-04-29 14:00:18,706]-[37448]-[basehttp.py:157]-[basehttp:log_message]-[INFO]- "POST /apis/Orthogonal HTTP/1.1" 200 63
[2021-04-29 14:01:42,879]-[37448]-[views_vue.py:1466]-[views_vue:Orthogonal]-[INFO]- 请求参数！
[2021-04-29 14:01:42,880]-[37448]-[basehttp.py:157]-[basehttp:log_message]-[INFO]- "POST /apis/Orthogonal HTTP/1.1" 200 37
[2021-04-29 14:02:53,799]-[37448]-[views_vue.py:1466]-[views_vue:Orthogonal]-[INFO]- 请求参数！
[2021-04-29 14:02:53,801]-[37448]-[basehttp.py:157]-[basehttp:log_message]-[INFO]- "POST /apis/Orthogonal HTTP/1.1" 200 37
[2021-04-29 14:03:56,969]-[37448]-[views_vue.py:1466]-[views_vue:Orthogonal]-[INFO]- 请求参数！
[2021-04-29 14:03:56,970]-[37448]-[basehttp.py:157]-[basehttp:log_message]-[INFO]- "POST /apis/Orthogonal HTTP/1.1" 200 37
[2021-04-29 14:04:34,180]-[37448]-[views_vue.py:1466]-[views_vue:Orthogonal]-[INFO]- 请求参数！
[2021-04-29 14:04:34,182]-[37448]-[basehttp.py:157]-[basehttp:log_message]-[INFO]- "POST /apis/Orthogonal HTTP/1.1" 200 37
[2021-04-29 14:05:54,062]-[37448]-[views_vue.py:54]-[views_vue:userInfo]-[INFO]- 登录用户：lxqiang95
[2021-04-29 14:05:54,063]-[37448]-[basehttp.py:157]-[basehttp:log_message]-[INFO]- "POST /userInfo HTTP/1.1" 200 163
[2021-04-29 14:05:56,552]-[37448]-[views_vue.py:1466]-[views_vue:Orthogonal]-[INFO]- 请求参数！
[2021-04-29 14:05:56,553]-[37448]-[basehttp.py:157]-[basehttp:log_message]-[INFO]- "POST /apis/Orthogonal HTTP/1.1" 200 37
[2021-04-29 14:07:33,967]-[37448]-[views_vue.py:1466]-[views_vue:Orthogonal]-[INFO]- 请求参数！
[2021-04-29 14:07:33,979]-[37448]-[basehttp.py:157]-[basehttp:log_message]-[INFO]- "POST /apis/Orthogonal HTTP/1.1" 200 323
[2021-04-29 14:08:11,248]-[37448]-[autoreload.py:240]-[autoreload:trigger_reload]-[INFO]- D:\platform\My_api\views_vue.py changed, reloading.
[2021-04-29 14:08:12,773]-[13236]-[autoreload.py:617]-[autoreload:run_with_reloader]-[INFO]- Watching for file changes with StatReloader
[2021-04-29 14:08:15,883]-[13236]-[views_vue.py:1466]-[views_vue:Orthogonal]-[INFO]- 请求参数！
[2021-04-29 14:08:15,940]-[13236]-[basehttp.py:157]-[basehttp:log_message]-[INFO]- "POST /apis/Orthogonal HTTP/1.1" 200 419
[2021-04-29 14:09:20,161]-[13236]-[autoreload.py:240]-[autoreload:trigger_reload]-[INFO]- D:\platform\My_api\views_vue.py changed, reloading.
[2021-04-29 14:09:21,322]-[15048]-[autoreload.py:617]-[autoreload:run_with_reloader]-[INFO]- Watching for file changes with StatReloader
[2021-04-29 14:11:17,649]-[15048]-[autoreload.py:240]-[autoreload:trigger_reload]-[INFO]- D:\platform\My_api\views_vue.py changed, reloading.
[2021-04-29 14:11:18,676]-[1196]-[autoreload.py:617]-[autoreload:run_with_reloader]-[INFO]- Watching for file changes with StatReloader
[2021-04-29 14:11:33,752]-[1196]-[autoreload.py:240]-[autoreload:trigger_reload]-[INFO]- D:\platform\My_api\views_vue.py changed, reloading.
[2021-04-29 14:11:35,108]-[10588]-[autoreload.py:617]-[autoreload:run_with_reloader]-[INFO]- Watching for file changes with StatReloader
[2021-04-29 14:11:41,288]-[10588]-[views_vue.py:1466]-[views_vue:Orthogonal]-[INFO]- 请求参数！
[2021-04-29 14:11:41,348]-[10588]-[basehttp.py:157]-[basehttp:log_message]-[INFO]- "POST /apis/Orthogonal HTTP/1.1" 200 275
[2021-04-29 14:12:59,500]-[10588]-[autoreload.py:240]-[autoreload:trigger_reload]-[INFO]- D:\platform\My_api\views_vue.py changed, reloading.
[2021-04-29 14:13:00,594]-[5652]-[autoreload.py:617]-[autoreload:run_with_reloader]-[INFO]- Watching for file changes with StatReloader
[2021-04-29 14:13:06,296]-[5652]-[autoreload.py:240]-[autoreload:trigger_reload]-[INFO]- D:\platform\My_api\views_vue.py changed, reloading.
[2021-04-29 14:13:07,765]-[6096]-[autoreload.py:617]-[autoreload:run_with_reloader]-[INFO]- Watching for file changes with StatReloader
[2021-04-29 14:13:12,813]-[6096]-[views_vue.py:1466]-[views_vue:Orthogonal]-[INFO]- 请求参数！
[2021-04-29 14:13:12,875]-[6096]-[basehttp.py:157]-[basehttp:log_message]-[INFO]- "POST /apis/Orthogonal HTTP/1.1" 200 483
[2021-04-29 14:13:49,502]-[6096]-[views_vue.py:54]-[views_vue:userInfo]-[INFO]- 登录用户：lxqiang95
[2021-04-29 14:13:49,502]-[6096]-[basehttp.py:157]-[basehttp:log_message]-[INFO]- "POST /userInfo HTTP/1.1" 200 163
[2021-04-29 14:14:08,511]-[6096]-[views_vue.py:1466]-[views_vue:Orthogonal]-[INFO]- 请求参数！
[2021-04-29 14:14:08,535]-[6096]-[basehttp.py:157]-[basehttp:log_message]-[INFO]- "POST /apis/Orthogonal HTTP/1.1" 200 483
[2021-04-29 14:14:49,396]-[6096]-[views_vue.py:1466]-[views_vue:Orthogonal]-[INFO]- 请求参数！
[2021-04-29 14:14:49,417]-[6096]-[basehttp.py:157]-[basehttp:log_message]-[INFO]- "POST /apis/Orthogonal HTTP/1.1" 200 483
[2021-04-29 14:15:35,069]-[6096]-[views_vue.py:1466]-[views_vue:Orthogonal]-[INFO]- 请求参数！
[2021-04-29 14:15:35,104]-[6096]-[basehttp.py:157]-[basehttp:log_message]-[INFO]- "POST /apis/Orthogonal HTTP/1.1" 200 1795
[2021-04-29 14:21:07,438]-[6096]-[views_vue.py:1466]-[views_vue:Orthogonal]-[INFO]- 请求参数！
[2021-04-29 14:21:07,445]-[6096]-[basehttp.py:157]-[basehttp:log_message]-[INFO]- "POST /apis/Orthogonal HTTP/1.1" 200 347
[2021-04-29 14:55:01,567]-[6096]-[autoreload.py:240]-[autoreload:trigger_reload]-[INFO]- D:\platform\api_platform\urls.py changed, reloading.
[2021-04-29 14:55:02,729]-[18464]-[autoreload.py:617]-[autoreload:run_with_reloader]-[INFO]- Watching for file changes with StatReloader
[2021-04-29 14:56:14,092]-[18464]-[log.py:224]-[log:log_response]-[ERROR]- Internal Server Error: /apis/OrthogonalDrive
Traceback (most recent call last):
  File "C:\Users\Lenovo\AppData\Local\Programs\Python\Python38\lib\site-packages\django\core\handlers\exception.py", line 47, in inner
    response = get_response(request)
  File "C:\Users\Lenovo\AppData\Local\Programs\Python\Python38\lib\site-packages\django\core\handlers\base.py", line 181, in _get_response
    response = wrapped_callback(request, *callback_args, **callback_kwargs)
  File "D:\platform\My_api\views_vue.py", line 1463, in Orthogonal
    if community(request, method) == RE.TRUE.value:
  File "D:\platform\My_api\views_vue.py", line 1398, in community
    logger.error('请求出错：{}'.format(community(request, method)))
  File "D:\platform\My_api\views_vue.py", line 1398, in community
    logger.error('请求出错：{}'.format(community(request, method)))
  File "D:\platform\My_api\views_vue.py", line 1398, in community
    logger.error('请求出错：{}'.format(community(request, method)))
  [Previous line repeated 954 more times]
  File "D:\platform\My_api\views_vue.py", line 1372, in community
    if request.method == method:
RecursionError: maximum recursion depth exceeded in comparison
[2021-04-29 14:56:14,099]-[18464]-[basehttp.py:157]-[basehttp:log_message]-[ERROR]- "GET /apis/OrthogonalDrive HTTP/1.1" 500 3686521
[2021-04-29 14:56:56,941]-[18464]-[log.py:224]-[log:log_response]-[ERROR]- Internal Server Error: /apis/OrthogonalDrive
Traceback (most recent call last):
  File "C:\Users\Lenovo\AppData\Local\Programs\Python\Python38\lib\site-packages\django\core\handlers\exception.py", line 47, in inner
    response = get_response(request)
  File "C:\Users\Lenovo\AppData\Local\Programs\Python\Python38\lib\site-packages\django\core\handlers\base.py", line 181, in _get_response
    response = wrapped_callback(request, *callback_args, **callback_kwargs)
  File "D:\platform\My_api\views_vue.py", line 1463, in Orthogonal
    if community(request, method) == RE.TRUE.value:
  File "D:\platform\My_api\views_vue.py", line 1398, in community
    logger.error('请求出错：{}'.format(community(request, method)))
  File "D:\platform\My_api\views_vue.py", line 1398, in community
    logger.error('请求出错：{}'.format(community(request, method)))
  File "D:\platform\My_api\views_vue.py", line 1398, in community
    logger.error('请求出错：{}'.format(community(request, method)))
  [Previous line repeated 954 more times]
  File "D:\platform\My_api\views_vue.py", line 1372, in community
    if request.method == method:
RecursionError: maximum recursion depth exceeded in comparison
[2021-04-29 14:56:56,947]-[18464]-[basehttp.py:157]-[basehttp:log_message]-[ERROR]- "GET /apis/OrthogonalDrive HTTP/1.1" 500 3686504
[2021-04-29 14:57:21,597]-[18464]-[log.py:224]-[log:log_response]-[ERROR]- Internal Server Error: /apis/OrthogonalDrive
Traceback (most recent call last):
  File "C:\Users\Lenovo\AppData\Local\Programs\Python\Python38\lib\site-packages\django\core\handlers\exception.py", line 47, in inner
    response = get_response(request)
  File "C:\Users\Lenovo\AppData\Local\Programs\Python\Python38\lib\site-packages\django\core\handlers\base.py", line 181, in _get_response
    response = wrapped_callback(request, *callback_args, **callback_kwargs)
  File "D:\platform\My_api\views_vue.py", line 1463, in Orthogonal
    if community(request, method) == RE.TRUE.value:
  File "D:\platform\My_api\views_vue.py", line 1398, in community
    logger.error('请求出错：{}'.format(community(request, method)))
  File "D:\platform\My_api\views_vue.py", line 1398, in community
    logger.error('请求出错：{}'.format(community(request, method)))
  File "D:\platform\My_api\views_vue.py", line 1398, in community
    logger.error('请求出错：{}'.format(community(request, method)))
  [Previous line repeated 954 more times]
  File "D:\platform\My_api\views_vue.py", line 1372, in community
    if request.method == method:
RecursionError: maximum recursion depth exceeded in comparison
[2021-04-29 14:57:21,603]-[18464]-[basehttp.py:157]-[basehttp:log_message]-[ERROR]- "GET /apis/OrthogonalDrive HTTP/1.1" 500 3686504
[2021-04-29 14:59:56,666]-[18464]-[autoreload.py:240]-[autoreload:trigger_reload]-[INFO]- D:\platform\My_api\views_vue.py changed, reloading.
[2021-04-29 14:59:59,044]-[26868]-[autoreload.py:617]-[autoreload:run_with_reloader]-[INFO]- Watching for file changes with StatReloader
[2021-04-29 15:00:02,245]-[26868]-[views_vue.py:1399]-[views_vue:community]-[ERROR]- 请求出错：{"code": 30013, "data": "false", "msg": "\u8bf7\u6c42\u65b9\u5f0f\u9519\u8bef"}
[2021-04-29 15:00:02,246]-[26868]-[views_vue.py:1399]-[views_vue:community]-[ERROR]- 请求出错：{"code": 30013, "data": "false", "msg": "\u8bf7\u6c42\u65b9\u5f0f\u9519\u8bef"}
[2021-04-29 15:00:02,248]-[26868]-[basehttp.py:157]-[basehttp:log_message]-[INFO]- "GET /apis/OrthogonalDrive HTTP/1.1" 200 79
[2021-04-29 15:00:10,941]-[26868]-[views_vue.py:1389]-[views_vue:community]-[ERROR]- 错误信息：Incorrect padding
[2021-04-29 15:00:10,942]-[26868]-[views_vue.py:1389]-[views_vue:community]-[ERROR]- 错误信息：Incorrect padding
[2021-04-29 15:00:10,942]-[26868]-[basehttp.py:157]-[basehttp:log_message]-[INFO]- "POST /apis/OrthogonalDrive HTTP/1.1" 200 133
[2021-04-29 15:00:53,261]-[5060]-[autoreload.py:617]-[autoreload:run_with_reloader]-[INFO]- Watching for file changes with StatReloader
[2021-04-29 15:00:57,215]-[5060]-[views_vue.py:1389]-[views_vue:community]-[ERROR]- 错误信息：Incorrect padding
[2021-04-29 15:00:57,216]-[5060]-[views_vue.py:1389]-[views_vue:community]-[ERROR]- 错误信息：Incorrect padding
[2021-04-29 15:00:57,217]-[5060]-[basehttp.py:157]-[basehttp:log_message]-[INFO]- "POST /apis/OrthogonalDrive HTTP/1.1" 200 133
[2021-04-29 15:01:53,933]-[5060]-[autoreload.py:240]-[autoreload:trigger_reload]-[INFO]- D:\platform\My_api\views_vue.py changed, reloading.
[2021-04-29 15:01:56,864]-[13508]-[autoreload.py:617]-[autoreload:run_with_reloader]-[INFO]- Watching for file changes with StatReloader
[2021-04-29 15:02:04,109]-[13508]-[views_vue.py:1390]-[views_vue:community]-[ERROR]- 错误信息：Incorrect padding
[2021-04-29 15:02:04,114]-[13508]-[views_vue.py:1390]-[views_vue:community]-[ERROR]- 错误信息：Incorrect padding
[2021-04-29 15:02:04,117]-[13508]-[basehttp.py:157]-[basehttp:log_message]-[INFO]- "POST /apis/OrthogonalDrive HTTP/1.1" 200 133
[2021-04-29 15:04:09,196]-[13508]-[autoreload.py:240]-[autoreload:trigger_reload]-[INFO]- D:\platform\My_api\views_vue.py changed, reloading.
[2021-04-29 15:04:11,530]-[35040]-[autoreload.py:617]-[autoreload:run_with_reloader]-[INFO]- Watching for file changes with StatReloader
[2021-04-29 15:04:18,987]-[35040]-[views_vue.py:1381]-[views_vue:community]-[ERROR]- 请求出错：Incorrect padding
[2021-04-29 15:04:18,993]-[35040]-[views_vue.py:1381]-[views_vue:community]-[ERROR]- 请求出错：Incorrect padding
[2021-04-29 15:04:18,995]-[35040]-[basehttp.py:157]-[basehttp:log_message]-[INFO]- "POST /apis/OrthogonalDrive HTTP/1.1" 200 56
[2021-04-29 15:04:48,975]-[35040]-[views_vue.py:1473]-[views_vue:Orthogonal]-[INFO]- 请求参数！
[2021-04-29 15:04:49,090]-[35040]-[basehttp.py:157]-[basehttp:log_message]-[INFO]- "POST /apis/OrthogonalDrive HTTP/1.1" 200 347
[2021-04-29 15:06:02,002]-[35040]-[autoreload.py:240]-[autoreload:trigger_reload]-[INFO]- D:\platform\My_api\views_vue.py changed, reloading.
[2021-04-29 15:06:04,321]-[32500]-[autoreload.py:617]-[autoreload:run_with_reloader]-[INFO]- Watching for file changes with StatReloader
[2021-04-29 15:06:12,723]-[32500]-[views_vue.py:1473]-[views_vue:Orthogonal]-[INFO]- 请求参数！
[2021-04-29 15:06:12,846]-[32500]-[basehttp.py:157]-[basehttp:log_message]-[INFO]- "POST /apis/OrthogonalDrive HTTP/1.1" 200 347
[2021-04-29 15:07:02,897]-[32500]-[autoreload.py:240]-[autoreload:trigger_reload]-[INFO]- D:\platform\My_api\views_vue.py changed, reloading.
[2021-04-29 15:07:05,946]-[35128]-[autoreload.py:617]-[autoreload:run_with_reloader]-[INFO]- Watching for file changes with StatReloader
[2021-04-29 15:07:24,109]-[35128]-[views_vue.py:1472]-[views_vue:Orthogonal]-[INFO]- 请求参数！
[2021-04-29 15:07:24,231]-[35128]-[basehttp.py:157]-[basehttp:log_message]-[INFO]- "POST /apis/OrthogonalDrive HTTP/1.1" 200 347
[2021-04-29 15:07:54,226]-[24148]-[autoreload.py:617]-[autoreload:run_with_reloader]-[INFO]- Watching for file changes with StatReloader
[2021-04-29 15:07:57,869]-[24148]-[views_vue.py:1472]-[views_vue:Orthogonal]-[INFO]- 请求参数！
[2021-04-29 15:07:57,925]-[24148]-[basehttp.py:157]-[basehttp:log_message]-[INFO]- "POST /apis/OrthogonalDrive HTTP/1.1" 200 347
[2021-04-29 15:08:24,376]-[24148]-[views_vue.py:1472]-[views_vue:Orthogonal]-[INFO]- 请求参数！
[2021-04-29 15:08:24,377]-[24148]-[basehttp.py:157]-[basehttp:log_message]-[INFO]- "POST /apis/OrthogonalDrive HTTP/1.1" 200 54
[2021-04-29 15:08:37,487]-[24148]-[views_vue.py:1472]-[views_vue:Orthogonal]-[INFO]- 请求参数！
[2021-04-29 15:08:37,494]-[24148]-[basehttp.py:157]-[basehttp:log_message]-[INFO]- "POST /apis/OrthogonalDrive HTTP/1.1" 200 347
[2021-04-29 15:09:06,328]-[24148]-[autoreload.py:240]-[autoreload:trigger_reload]-[INFO]- D:\platform\My_api\views_vue.py changed, reloading.
[2021-04-29 15:09:07,648]-[15048]-[autoreload.py:617]-[autoreload:run_with_reloader]-[INFO]- Watching for file changes with StatReloader
[2021-04-29 15:09:12,116]-[15048]-[views_vue.py:1472]-[views_vue:Orthogonal]-[INFO]- 请求参数！
[2021-04-29 15:09:12,171]-[15048]-[basehttp.py:157]-[basehttp:log_message]-[INFO]- "POST /apis/OrthogonalDrive HTTP/1.1" 200 347
[2021-04-29 15:10:08,248]-[30340]-[autoreload.py:617]-[autoreload:run_with_reloader]-[INFO]- Watching for file changes with StatReloader
[2021-04-29 15:10:13,754]-[30340]-[views_vue.py:1472]-[views_vue:Orthogonal]-[INFO]- 请求参数！
[2021-04-29 15:10:13,876]-[30340]-[basehttp.py:157]-[basehttp:log_message]-[INFO]- "POST /apis/OrthogonalDrive HTTP/1.1" 200 347
[2021-04-29 15:10:34,801]-[30340]-[autoreload.py:240]-[autoreload:trigger_reload]-[INFO]- D:\platform\My_api\views_vue.py changed, reloading.
[2021-04-29 15:10:37,048]-[29492]-[autoreload.py:617]-[autoreload:run_with_reloader]-[INFO]- Watching for file changes with StatReloader
[2021-04-29 15:10:43,022]-[29492]-[views_vue.py:1471]-[views_vue:Orthogonal]-[INFO]- 请求参数！
[2021-04-29 15:10:44,970]-[29492]-[basehttp.py:157]-[basehttp:log_message]-[INFO]- "POST /apis/OrthogonalDrive HTTP/1.1" 200 347
[2021-04-29 15:11:16,359]-[29492]-[autoreload.py:240]-[autoreload:trigger_reload]-[INFO]- D:\platform\My_api\views_vue.py changed, reloading.
[2021-04-29 15:11:18,937]-[11928]-[autoreload.py:617]-[autoreload:run_with_reloader]-[INFO]- Watching for file changes with StatReloader
[2021-04-29 15:12:09,528]-[11928]-[autoreload.py:240]-[autoreload:trigger_reload]-[INFO]- D:\platform\api_platform\urls.py changed, reloading.
[2021-04-29 15:12:11,545]-[36600]-[autoreload.py:617]-[autoreload:run_with_reloader]-[INFO]- Watching for file changes with StatReloader
[2021-04-29 15:12:12,863]-[36600]-[views_vue.py:1506]-[views_vue:OrthogonalDrive]-[INFO]- 请求参数！
[2021-04-29 15:12:19,633]-[36600]-[basehttp.py:157]-[basehttp:log_message]-[INFO]- "POST /Orthogonal/OrthogonalDrive HTTP/1.1" 200 455
[2021-04-29 15:12:25,139]-[20612]-[autoreload.py:617]-[autoreload:run_with_reloader]-[INFO]- Watching for file changes with StatReloader
[2021-04-29 15:14:55,861]-[20612]-[autoreload.py:240]-[autoreload:trigger_reload]-[INFO]- D:\platform\My_api\views_vue.py changed, reloading.
[2021-04-29 15:14:56,935]-[2324]-[autoreload.py:617]-[autoreload:run_with_reloader]-[INFO]- Watching for file changes with StatReloader
[2021-04-29 15:15:10,808]-[2324]-[views_vue.py:1508]-[views_vue:OrthogonalDrive]-[INFO]- 请求参数！
[2021-04-29 15:15:10,845]-[2324]-[basehttp.py:157]-[basehttp:log_message]-[INFO]- "POST /Orthogonal/OrthogonalDrive HTTP/1.1" 200 40
[2021-04-29 15:20:45,826]-[2324]-[autoreload.py:240]-[autoreload:trigger_reload]-[INFO]- D:\platform\My_api\views_vue.py changed, reloading.
[2021-04-29 15:20:47,072]-[13848]-[autoreload.py:617]-[autoreload:run_with_reloader]-[INFO]- Watching for file changes with StatReloader
[2021-04-29 15:21:30,625]-[13848]-[autoreload.py:240]-[autoreload:trigger_reload]-[INFO]- D:\platform\My_api\views_vue.py changed, reloading.
[2021-04-29 15:21:31,673]-[37336]-[autoreload.py:617]-[autoreload:run_with_reloader]-[INFO]- Watching for file changes with StatReloader
[2021-04-29 15:21:53,408]-[37336]-[autoreload.py:240]-[autoreload:trigger_reload]-[INFO]- D:\platform\My_api\views_vue.py changed, reloading.
[2021-04-29 15:21:54,826]-[25272]-[autoreload.py:617]-[autoreload:run_with_reloader]-[INFO]- Watching for file changes with StatReloader
[2021-04-29 15:26:08,150]-[25272]-[autoreload.py:240]-[autoreload:trigger_reload]-[INFO]- D:\platform\api_platform\settings.py changed, reloading.
[2021-04-29 15:26:14,135]-[12072]-[autoreload.py:617]-[autoreload:run_with_reloader]-[INFO]- Watching for file changes with StatReloader
[2021-04-29 15:33:13,358]-[12072]-[autoreload.py:240]-[autoreload:trigger_reload]-[INFO]- D:\platform\My_api\views_vue.py changed, reloading.
[2021-04-29 15:33:14,965]-[6872]-[autoreload.py:617]-[autoreload:run_with_reloader]-[INFO]- Watching for file changes with StatReloader
[2021-04-29 15:33:58,126]-[6872]-[autoreload.py:240]-[autoreload:trigger_reload]-[INFO]- D:\platform\My_api\views_vue.py changed, reloading.
[2021-04-29 15:33:59,541]-[7264]-[autoreload.py:617]-[autoreload:run_with_reloader]-[INFO]- Watching for file changes with StatReloader
[2021-04-29 15:34:33,803]-[7264]-[autoreload.py:240]-[autoreload:trigger_reload]-[INFO]- D:\platform\My_api\views_vue.py changed, reloading.
[2021-04-29 15:34:35,153]-[12324]-[autoreload.py:617]-[autoreload:run_with_reloader]-[INFO]- Watching for file changes with StatReloader
[2021-04-29 15:36:08,050]-[12324]-[autoreload.py:240]-[autoreload:trigger_reload]-[INFO]- D:\platform\My_api\views_vue.py changed, reloading.
[2021-04-29 15:36:09,340]-[3628]-[autoreload.py:617]-[autoreload:run_with_reloader]-[INFO]- Watching for file changes with StatReloader
[2021-04-29 15:38:37,126]-[3628]-[autoreload.py:240]-[autoreload:trigger_reload]-[INFO]- D:\platform\My_api\views_vue.py changed, reloading.
[2021-04-29 15:38:38,448]-[12576]-[autoreload.py:617]-[autoreload:run_with_reloader]-[INFO]- Watching for file changes with StatReloader
[2021-04-29 15:38:46,645]-[12576]-[autoreload.py:240]-[autoreload:trigger_reload]-[INFO]- D:\platform\My_api\views_vue.py changed, reloading.
[2021-04-29 15:38:48,593]-[26016]-[autoreload.py:617]-[autoreload:run_with_reloader]-[INFO]- Watching for file changes with StatReloader
[2021-04-29 15:38:54,572]-[26016]-[views_vue.py:1389]-[views_vue:community]-[ERROR]- 请求出错：<HttpResponse status_code=402, "text/html; charset=utf-8">
[2021-04-29 15:38:54,573]-[26016]-[views_vue.py:1389]-[views_vue:community]-[ERROR]- 请求出错：<HttpResponse status_code=402, "text/html; charset=utf-8">
[2021-04-29 15:38:54,573]-[26016]-[log.py:224]-[log:log_response]-[WARNING]- Payment Required: /Orthogonal/OrthogonalDrive
[2021-04-29 15:38:54,573]-[26016]-[basehttp.py:157]-[basehttp:log_message]-[WARNING]- "POST /Orthogonal/OrthogonalDrive HTTP/1.1" 402 56
[2021-04-29 15:39:01,924]-[26016]-[basehttp.py:157]-[basehttp:log_message]-[INFO]- "OPTIONS /userInfo HTTP/1.1" 200 0
[2021-04-29 15:39:01,926]-[26016]-[views_vue.py:1389]-[views_vue:community]-[ERROR]- 请求出错：<HttpResponse status_code=402, "text/html; charset=utf-8">
[2021-04-29 15:39:01,927]-[26016]-[views_vue.py:1389]-[views_vue:community]-[ERROR]- 请求出错：<HttpResponse status_code=402, "text/html; charset=utf-8">
[2021-04-29 15:39:01,928]-[26016]-[log.py:224]-[log:log_response]-[WARNING]- Payment Required: /userInfo
[2021-04-29 15:39:01,928]-[26016]-[basehttp.py:157]-[basehttp:log_message]-[WARNING]- "POST /userInfo HTTP/1.1" 402 56
[2021-04-29 15:39:09,220]-[26016]-[basehttp.py:157]-[basehttp:log_message]-[INFO]- "POST /publicKey HTTP/1.1" 200 296
[2021-04-29 15:39:09,227]-[26016]-[basehttp.py:157]-[basehttp:log_message]-[INFO]- "OPTIONS /login_action HTTP/1.1" 200 0
[2021-04-29 15:39:09,230]-[26016]-[views_vue.py:76]-[views_vue:login_action]-[INFO]- 请求参数：{'username': 'lxqiang95', 'password': 'lxqiang95'}
[2021-04-29 15:39:09,230]-[26016]-[views_vue.py:82]-[views_vue:login_action]-[INFO]- 请求参数：{'username': 'lxqiang95', 'password': 'lxqiang95'}
[2021-04-29 15:39:09,237]-[26016]-[basehttp.py:157]-[basehttp:log_message]-[INFO]- "POST /login_action HTTP/1.1" 200 106
[2021-04-29 15:39:09,253]-[26016]-[views_vue.py:57]-[views_vue:userInfo]-[INFO]- 登录用户：lxqiang95
[2021-04-29 15:39:09,254]-[26016]-[basehttp.py:157]-[basehttp:log_message]-[INFO]- "POST /userInfo HTTP/1.1" 200 163
[2021-04-29 15:39:37,741]-[26016]-[views_vue.py:1509]-[views_vue:OrthogonalDrive]-[INFO]- 请求参数！
[2021-04-29 15:39:37,914]-[26016]-[log.py:224]-[log:log_response]-[ERROR]- Internal Server Error: /Orthogonal/OrthogonalDrive
Traceback (most recent call last):
  File "C:\Users\Lenovo\AppData\Local\Programs\Python\Python38\lib\site-packages\django\core\handlers\exception.py", line 47, in inner
    response = get_response(request)
  File "C:\Users\Lenovo\AppData\Local\Programs\Python\Python38\lib\site-packages\django\core\handlers\base.py", line 181, in _get_response
    response = wrapped_callback(request, *callback_args, **callback_kwargs)
  File "D:\platform\My_api\views_vue.py", line 1539, in OrthogonalDrive
    f.save(sio)
  File "C:\Users\Lenovo\AppData\Local\Programs\Python\Python38\lib\codecs.py", line 743, in __getattr__
    return getattr(self.stream, name)
AttributeError: '_io.BufferedWriter' object has no attribute 'save'
[2021-04-29 15:39:37,915]-[26016]-[basehttp.py:157]-[basehttp:log_message]-[ERROR]- "POST /Orthogonal/OrthogonalDrive HTTP/1.1" 500 75101
[2021-04-29 15:39:52,579]-[26016]-[autoreload.py:240]-[autoreload:trigger_reload]-[INFO]- D:\platform\My_api\views_vue.py changed, reloading.
[2021-04-29 15:39:54,159]-[22832]-[autoreload.py:617]-[autoreload:run_with_reloader]-[INFO]- Watching for file changes with StatReloader
[2021-04-29 15:39:58,583]-[22832]-[views_vue.py:1509]-[views_vue:OrthogonalDrive]-[INFO]- 请求参数！
[2021-04-29 15:39:58,627]-[22832]-[basehttp.py:157]-[basehttp:log_message]-[INFO]- "POST /Orthogonal/OrthogonalDrive HTTP/1.1" 200 0
[2021-04-29 15:40:46,869]-[22832]-[autoreload.py:240]-[autoreload:trigger_reload]-[INFO]- D:\platform\My_api\views_vue.py changed, reloading.
[2021-04-29 15:40:49,015]-[15860]-[autoreload.py:617]-[autoreload:run_with_reloader]-[INFO]- Watching for file changes with StatReloader
[2021-04-29 15:41:31,378]-[15860]-[autoreload.py:240]-[autoreload:trigger_reload]-[INFO]- D:\platform\My_api\views_vue.py changed, reloading.
[2021-04-29 15:41:32,802]-[34544]-[autoreload.py:617]-[autoreload:run_with_reloader]-[INFO]- Watching for file changes with StatReloader
[2021-04-29 15:44:47,725]-[34544]-[autoreload.py:240]-[autoreload:trigger_reload]-[INFO]- D:\platform\My_api\views_vue.py changed, reloading.
[2021-04-29 15:44:49,403]-[23164]-[autoreload.py:617]-[autoreload:run_with_reloader]-[INFO]- Watching for file changes with StatReloader
[2021-04-29 15:44:58,912]-[23164]-[views_vue.py:1508]-[views_vue:OrthogonalDrive]-[INFO]- 请求参数！
[2021-04-29 15:44:59,086]-[23164]-[log.py:224]-[log:log_response]-[ERROR]- Internal Server Error: /Orthogonal/OrthogonalDrive
Traceback (most recent call last):
  File "C:\Users\Lenovo\AppData\Local\Programs\Python\Python38\lib\site-packages\django\core\handlers\exception.py", line 47, in inner
    response = get_response(request)
  File "C:\Users\Lenovo\AppData\Local\Programs\Python\Python38\lib\site-packages\django\core\handlers\base.py", line 181, in _get_response
    response = wrapped_callback(request, *callback_args, **callback_kwargs)
  File "D:\platform\My_api\views_vue.py", line 1537, in OrthogonalDrive
    res = HttpResponse(f)
  File "C:\Users\Lenovo\AppData\Local\Programs\Python\Python38\lib\site-packages\django\http\response.py", line 298, in __init__
    self.content = content
  File "C:\Users\Lenovo\AppData\Local\Programs\Python\Python38\lib\site-packages\django\http\response.py", line 321, in content
    content = b''.join(self.make_bytes(chunk) for chunk in value)
  File "C:\Users\Lenovo\AppData\Local\Programs\Python\Python38\lib\site-packages\django\http\response.py", line 321, in <genexpr>
    content = b''.join(self.make_bytes(chunk) for chunk in value)
  File "C:\Users\Lenovo\AppData\Local\Programs\Python\Python38\lib\codecs.py", line 714, in __next__
    return next(self.reader)
  File "C:\Users\Lenovo\AppData\Local\Programs\Python\Python38\lib\codecs.py", line 645, in __next__
    line = self.readline()
io.UnsupportedOperation: read
[2021-04-29 15:44:59,088]-[23164]-[basehttp.py:157]-[basehttp:log_message]-[ERROR]- "POST /Orthogonal/OrthogonalDrive HTTP/1.1" 500 90328
[2021-04-29 15:45:08,989]-[23164]-[autoreload.py:240]-[autoreload:trigger_reload]-[INFO]- D:\platform\My_api\views_vue.py changed, reloading.
[2021-04-29 15:45:10,566]-[26088]-[autoreload.py:617]-[autoreload:run_with_reloader]-[INFO]- Watching for file changes with StatReloader
[2021-04-29 15:45:14,173]-[26088]-[views_vue.py:1508]-[views_vue:OrthogonalDrive]-[INFO]- 请求参数！
[2021-04-29 15:45:14,305]-[26088]-[log.py:224]-[log:log_response]-[ERROR]- Internal Server Error: /Orthogonal/OrthogonalDrive
Traceback (most recent call last):
  File "C:\Users\Lenovo\AppData\Local\Programs\Python\Python38\lib\site-packages\django\core\handlers\exception.py", line 47, in inner
    response = get_response(request)
  File "C:\Users\Lenovo\AppData\Local\Programs\Python\Python38\lib\site-packages\django\core\handlers\base.py", line 181, in _get_response
    response = wrapped_callback(request, *callback_args, **callback_kwargs)
  File "D:\platform\My_api\views_vue.py", line 1537, in OrthogonalDrive
    res = HttpResponse(f)
  File "C:\Users\Lenovo\AppData\Local\Programs\Python\Python38\lib\site-packages\django\http\response.py", line 298, in __init__
    self.content = content
  File "C:\Users\Lenovo\AppData\Local\Programs\Python\Python38\lib\site-packages\django\http\response.py", line 321, in content
    content = b''.join(self.make_bytes(chunk) for chunk in value)
  File "C:\Users\Lenovo\AppData\Local\Programs\Python\Python38\lib\site-packages\django\http\response.py", line 321, in <genexpr>
    content = b''.join(self.make_bytes(chunk) for chunk in value)
  File "C:\Users\Lenovo\AppData\Local\Programs\Python\Python38\lib\codecs.py", line 714, in __next__
    return next(self.reader)
  File "C:\Users\Lenovo\AppData\Local\Programs\Python\Python38\lib\codecs.py", line 645, in __next__
    line = self.readline()
io.UnsupportedOperation: read
[2021-04-29 15:45:14,307]-[26088]-[basehttp.py:157]-[basehttp:log_message]-[ERROR]- "POST /Orthogonal/OrthogonalDrive HTTP/1.1" 500 90330
[2021-04-29 15:46:51,940]-[26088]-[autoreload.py:240]-[autoreload:trigger_reload]-[INFO]- D:\platform\My_api\views_vue.py changed, reloading.
[2021-04-29 15:46:53,685]-[30176]-[autoreload.py:617]-[autoreload:run_with_reloader]-[INFO]- Watching for file changes with StatReloader
[2021-04-29 15:46:57,125]-[30176]-[views_vue.py:1508]-[views_vue:OrthogonalDrive]-[INFO]- 请求参数！
[2021-04-29 15:46:57,257]-[30176]-[log.py:224]-[log:log_response]-[ERROR]- Internal Server Error: /Orthogonal/OrthogonalDrive
Traceback (most recent call last):
  File "C:\Users\Lenovo\AppData\Local\Programs\Python\Python38\lib\site-packages\django\core\handlers\exception.py", line 47, in inner
    response = get_response(request)
  File "C:\Users\Lenovo\AppData\Local\Programs\Python\Python38\lib\site-packages\django\core\handlers\base.py", line 181, in _get_response
    response = wrapped_callback(request, *callback_args, **callback_kwargs)
  File "D:\platform\My_api\views_vue.py", line 1537, in OrthogonalDrive
    res = HttpResponse(f)
  File "C:\Users\Lenovo\AppData\Local\Programs\Python\Python38\lib\site-packages\django\http\response.py", line 298, in __init__
    self.content = content
  File "C:\Users\Lenovo\AppData\Local\Programs\Python\Python38\lib\site-packages\django\http\response.py", line 321, in content
    content = b''.join(self.make_bytes(chunk) for chunk in value)
  File "C:\Users\Lenovo\AppData\Local\Programs\Python\Python38\lib\site-packages\django\http\response.py", line 321, in <genexpr>
    content = b''.join(self.make_bytes(chunk) for chunk in value)
  File "C:\Users\Lenovo\AppData\Local\Programs\Python\Python38\lib\codecs.py", line 714, in __next__
    return next(self.reader)
  File "C:\Users\Lenovo\AppData\Local\Programs\Python\Python38\lib\codecs.py", line 645, in __next__
    line = self.readline()
io.UnsupportedOperation: read
[2021-04-29 15:46:57,259]-[30176]-[basehttp.py:157]-[basehttp:log_message]-[ERROR]- "POST /Orthogonal/OrthogonalDrive HTTP/1.1" 500 90340
[2021-04-29 15:47:52,002]-[30176]-[autoreload.py:240]-[autoreload:trigger_reload]-[INFO]- D:\platform\My_api\views_vue.py changed, reloading.
[2021-04-29 15:47:53,409]-[32820]-[autoreload.py:617]-[autoreload:run_with_reloader]-[INFO]- Watching for file changes with StatReloader
[2021-04-29 15:48:00,265]-[32820]-[views_vue.py:1508]-[views_vue:OrthogonalDrive]-[INFO]- 请求参数！
[2021-04-29 15:48:00,302]-[32820]-[basehttp.py:157]-[basehttp:log_message]-[INFO]- "POST /Orthogonal/OrthogonalDrive HTTP/1.1" 200 200
[2021-04-29 15:48:56,712]-[32820]-[autoreload.py:240]-[autoreload:trigger_reload]-[INFO]- D:\platform\My_api\views_vue.py changed, reloading.
[2021-04-29 15:48:58,460]-[7928]-[autoreload.py:617]-[autoreload:run_with_reloader]-[INFO]- Watching for file changes with StatReloader
[2021-04-29 15:49:04,442]-[7928]-[views_vue.py:1508]-[views_vue:OrthogonalDrive]-[INFO]- 请求参数！
[2021-04-29 15:49:04,481]-[7928]-[basehttp.py:157]-[basehttp:log_message]-[INFO]- "POST /Orthogonal/OrthogonalDrive HTTP/1.1" 200 200
[2021-04-29 15:49:18,860]-[7928]-[autoreload.py:240]-[autoreload:trigger_reload]-[INFO]- D:\platform\My_api\views_vue.py changed, reloading.
[2021-04-29 15:49:21,199]-[37728]-[autoreload.py:617]-[autoreload:run_with_reloader]-[INFO]- Watching for file changes with StatReloader
[2021-04-29 15:49:24,651]-[37728]-[views_vue.py:1508]-[views_vue:OrthogonalDrive]-[INFO]- 请求参数！
[2021-04-29 15:49:24,690]-[37728]-[basehttp.py:157]-[basehttp:log_message]-[INFO]- "POST /Orthogonal/OrthogonalDrive HTTP/1.1" 200 200
[2021-04-29 15:49:35,121]-[37728]-[autoreload.py:240]-[autoreload:trigger_reload]-[INFO]- D:\platform\My_api\views_vue.py changed, reloading.
[2021-04-29 15:49:36,456]-[12680]-[autoreload.py:617]-[autoreload:run_with_reloader]-[INFO]- Watching for file changes with StatReloader
[2021-04-29 15:50:58,766]-[12680]-[autoreload.py:240]-[autoreload:trigger_reload]-[INFO]- D:\platform\My_api\views_vue.py changed, reloading.
[2021-04-29 15:51:00,321]-[10068]-[autoreload.py:617]-[autoreload:run_with_reloader]-[INFO]- Watching for file changes with StatReloader
[2021-04-29 15:51:10,437]-[10068]-[autoreload.py:240]-[autoreload:trigger_reload]-[INFO]- D:\platform\My_api\views_vue.py changed, reloading.
[2021-04-29 15:51:11,750]-[27604]-[autoreload.py:617]-[autoreload:run_with_reloader]-[INFO]- Watching for file changes with StatReloader
[2021-04-29 15:51:15,695]-[27604]-[autoreload.py:240]-[autoreload:trigger_reload]-[INFO]- D:\platform\My_api\views_vue.py changed, reloading.
[2021-04-29 15:51:17,393]-[27652]-[autoreload.py:617]-[autoreload:run_with_reloader]-[INFO]- Watching for file changes with StatReloader
[2021-04-29 15:51:19,411]-[27652]-[autoreload.py:240]-[autoreload:trigger_reload]-[INFO]- D:\platform\My_api\views_vue.py changed, reloading.
[2021-04-29 15:51:21,367]-[13736]-[autoreload.py:617]-[autoreload:run_with_reloader]-[INFO]- Watching for file changes with StatReloader
[2021-04-29 15:51:26,822]-[13736]-[views_vue.py:1508]-[views_vue:OrthogonalDrive]-[INFO]- 请求参数！
[2021-04-29 15:51:26,858]-[13736]-[basehttp.py:157]-[basehttp:log_message]-[INFO]- "POST /Orthogonal/OrthogonalDrive HTTP/1.1" 200 200
[2021-04-29 15:52:22,984]-[13736]-[autoreload.py:240]-[autoreload:trigger_reload]-[INFO]- D:\platform\My_api\views_vue.py changed, reloading.
[2021-04-29 15:52:24,440]-[14244]-[autoreload.py:617]-[autoreload:run_with_reloader]-[INFO]- Watching for file changes with StatReloader
[2021-04-29 15:52:37,996]-[14244]-[views_vue.py:1508]-[views_vue:OrthogonalDrive]-[INFO]- 请求参数！
[2021-04-29 15:52:38,033]-[14244]-[basehttp.py:157]-[basehttp:log_message]-[INFO]- "POST /Orthogonal/OrthogonalDrive HTTP/1.1" 200 200
[2021-04-29 15:54:41,505]-[14244]-[autoreload.py:240]-[autoreload:trigger_reload]-[INFO]- D:\platform\My_api\views_vue.py changed, reloading.
[2021-04-29 15:54:42,990]-[14072]-[autoreload.py:617]-[autoreload:run_with_reloader]-[INFO]- Watching for file changes with StatReloader
[2021-04-29 15:54:56,436]-[14072]-[autoreload.py:240]-[autoreload:trigger_reload]-[INFO]- D:\platform\My_api\views_vue.py changed, reloading.
[2021-04-29 15:54:58,694]-[26588]-[autoreload.py:617]-[autoreload:run_with_reloader]-[INFO]- Watching for file changes with StatReloader
[2021-04-29 15:55:02,666]-[26588]-[views_vue.py:1508]-[views_vue:OrthogonalDrive]-[INFO]- 请求参数！
[2021-04-29 15:55:02,707]-[26588]-[basehttp.py:157]-[basehttp:log_message]-[INFO]- "POST /Orthogonal/OrthogonalDrive HTTP/1.1" 200 260
[2021-04-29 15:55:45,651]-[26588]-[autoreload.py:240]-[autoreload:trigger_reload]-[INFO]- D:\platform\My_api\views_vue.py changed, reloading.
[2021-04-29 15:55:46,993]-[28264]-[autoreload.py:617]-[autoreload:run_with_reloader]-[INFO]- Watching for file changes with StatReloader
[2021-04-29 15:55:51,398]-[28264]-[views_vue.py:1508]-[views_vue:OrthogonalDrive]-[INFO]- 请求参数！
[2021-04-29 15:55:51,472]-[28264]-[basehttp.py:157]-[basehttp:log_message]-[INFO]- "POST /Orthogonal/OrthogonalDrive HTTP/1.1" 200 260
[2021-04-29 16:59:07,113]-[28264]-[views_vue.py:56]-[views_vue:userInfo]-[INFO]- 登录用户：lxqiang95
[2021-04-29 16:59:07,116]-[28264]-[basehttp.py:157]-[basehttp:log_message]-[INFO]- "POST /userInfo HTTP/1.1" 200 163
[2021-04-29 16:59:08,833]-[28264]-[views_vue.py:56]-[views_vue:userInfo]-[INFO]- 登录用户：lxqiang95
[2021-04-29 16:59:08,834]-[28264]-[basehttp.py:157]-[basehttp:log_message]-[INFO]- "POST /userInfo HTTP/1.1" 200 163
[2021-04-29 17:03:45,358]-[28264]-[views_vue.py:56]-[views_vue:userInfo]-[INFO]- 登录用户：lxqiang95
[2021-04-29 17:03:45,359]-[28264]-[basehttp.py:157]-[basehttp:log_message]-[INFO]- "POST /userInfo HTTP/1.1" 200 163
[2021-04-29 17:03:50,755]-[28264]-[basehttp.py:157]-[basehttp:log_message]-[INFO]- "OPTIONS /Orthogonal/OrthogonalDrive HTTP/1.1" 200 0
[2021-04-29 17:03:50,765]-[28264]-[views_vue.py:1508]-[views_vue:OrthogonalDrive]-[INFO]- 请求参数！
[2021-04-29 17:03:50,886]-[28264]-[log.py:224]-[log:log_response]-[ERROR]- Internal Server Error: /Orthogonal/OrthogonalDrive
Traceback (most recent call last):
  File "C:\Users\Lenovo\AppData\Local\Programs\Python\Python38\lib\site-packages\django\core\handlers\exception.py", line 47, in inner
    response = get_response(request)
  File "C:\Users\Lenovo\AppData\Local\Programs\Python\Python38\lib\site-packages\django\core\handlers\base.py", line 188, in _get_response
    self.check_response(response, callback)
  File "C:\Users\Lenovo\AppData\Local\Programs\Python\Python38\lib\site-packages\django\core\handlers\base.py", line 309, in check_response
    raise ValueError(
ValueError: The view My_api.views_vue.OrthogonalDrive didn't return an HttpResponse object. It returned None instead.
[2021-04-29 17:03:50,888]-[28264]-[basehttp.py:157]-[basehttp:log_message]-[ERROR]- "POST /Orthogonal/OrthogonalDrive HTTP/1.1" 500 68867
[2021-04-29 17:04:21,611]-[28264]-[basehttp.py:157]-[basehttp:log_message]-[INFO]- "OPTIONS /apis/Orthogonal HTTP/1.1" 200 0
[2021-04-29 17:04:21,614]-[28264]-[views_vue.py:1473]-[views_vue:Orthogonal]-[INFO]- 请求参数！
[2021-04-29 17:04:21,614]-[28264]-[basehttp.py:157]-[basehttp:log_message]-[INFO]- "POST /apis/Orthogonal HTTP/1.1" 200 63
[2021-04-29 17:04:37,989]-[28264]-[views_vue.py:1473]-[views_vue:Orthogonal]-[INFO]- 请求参数！
[2021-04-29 17:04:37,992]-[28264]-[views_vue.py:1496]-[views_vue:Orthogonal]-[INFO]- 请求结果！
[2021-04-29 17:04:37,992]-[28264]-[basehttp.py:157]-[basehttp:log_message]-[INFO]- "POST /apis/Orthogonal HTTP/1.1" 200 595
[2021-04-29 17:04:44,384]-[28264]-[views_vue.py:1508]-[views_vue:OrthogonalDrive]-[INFO]- 请求参数！
[2021-04-29 17:04:44,397]-[28264]-[basehttp.py:157]-[basehttp:log_message]-[INFO]- "POST /Orthogonal/OrthogonalDrive HTTP/1.1" 200 451
[2021-04-29 17:10:44,233]-[28264]-[views_vue.py:56]-[views_vue:userInfo]-[INFO]- 登录用户：lxqiang95
[2021-04-29 17:10:44,233]-[28264]-[basehttp.py:157]-[basehttp:log_message]-[INFO]- "POST /userInfo HTTP/1.1" 200 163
[2021-04-29 17:10:46,822]-[28264]-[views_vue.py:1473]-[views_vue:Orthogonal]-[INFO]- 请求参数！
[2021-04-29 17:10:46,823]-[28264]-[basehttp.py:157]-[basehttp:log_message]-[INFO]- "POST /apis/Orthogonal HTTP/1.1" 200 37
[2021-04-29 17:10:47,768]-[28264]-[views_vue.py:1473]-[views_vue:Orthogonal]-[INFO]- 请求参数！
[2021-04-29 17:10:47,769]-[28264]-[basehttp.py:157]-[basehttp:log_message]-[INFO]- "POST /apis/Orthogonal HTTP/1.1" 200 37
[2021-04-29 17:10:48,345]-[28264]-[views_vue.py:1473]-[views_vue:Orthogonal]-[INFO]- 请求参数！
[2021-04-29 17:10:48,346]-[28264]-[basehttp.py:157]-[basehttp:log_message]-[INFO]- "POST /apis/Orthogonal HTTP/1.1" 200 37
[2021-04-29 17:10:48,584]-[28264]-[views_vue.py:1473]-[views_vue:Orthogonal]-[INFO]- 请求参数！
[2021-04-29 17:10:48,585]-[28264]-[basehttp.py:157]-[basehttp:log_message]-[INFO]- "POST /apis/Orthogonal HTTP/1.1" 200 37
[2021-04-29 17:10:48,756]-[28264]-[views_vue.py:1473]-[views_vue:Orthogonal]-[INFO]- 请求参数！
[2021-04-29 17:10:48,756]-[28264]-[basehttp.py:157]-[basehttp:log_message]-[INFO]- "POST /apis/Orthogonal HTTP/1.1" 200 37
[2021-04-29 17:10:48,956]-[28264]-[views_vue.py:1473]-[views_vue:Orthogonal]-[INFO]- 请求参数！
[2021-04-29 17:10:48,957]-[28264]-[basehttp.py:157]-[basehttp:log_message]-[INFO]- "POST /apis/Orthogonal HTTP/1.1" 200 37
[2021-04-29 17:10:49,144]-[28264]-[views_vue.py:1473]-[views_vue:Orthogonal]-[INFO]- 请求参数！
[2021-04-29 17:10:49,144]-[28264]-[basehttp.py:157]-[basehttp:log_message]-[INFO]- "POST /apis/Orthogonal HTTP/1.1" 200 37
[2021-04-29 17:10:49,328]-[28264]-[views_vue.py:1473]-[views_vue:Orthogonal]-[INFO]- 请求参数！
[2021-04-29 17:10:49,328]-[28264]-[basehttp.py:157]-[basehttp:log_message]-[INFO]- "POST /apis/Orthogonal HTTP/1.1" 200 37
[2021-04-29 17:10:49,512]-[28264]-[views_vue.py:1473]-[views_vue:Orthogonal]-[INFO]- 请求参数！
[2021-04-29 17:10:49,512]-[28264]-[basehttp.py:157]-[basehttp:log_message]-[INFO]- "POST /apis/Orthogonal HTTP/1.1" 200 37
[2021-04-29 17:10:49,634]-[28264]-[views_vue.py:1473]-[views_vue:Orthogonal]-[INFO]- 请求参数！
[2021-04-29 17:10:49,635]-[28264]-[basehttp.py:157]-[basehttp:log_message]-[INFO]- "POST /apis/Orthogonal HTTP/1.1" 200 37
[2021-04-29 17:10:49,815]-[28264]-[views_vue.py:1473]-[views_vue:Orthogonal]-[INFO]- 请求参数！
[2021-04-29 17:10:49,816]-[28264]-[basehttp.py:157]-[basehttp:log_message]-[INFO]- "POST /apis/Orthogonal HTTP/1.1" 200 37
[2021-04-29 17:10:53,621]-[28264]-[views_vue.py:1473]-[views_vue:Orthogonal]-[INFO]- 请求参数！
[2021-04-29 17:10:53,622]-[28264]-[basehttp.py:157]-[basehttp:log_message]-[INFO]- "POST /apis/Orthogonal HTTP/1.1" 200 37
[2021-04-29 17:10:59,322]-[28264]-[views_vue.py:1473]-[views_vue:Orthogonal]-[INFO]- 请求参数！
[2021-04-29 17:10:59,322]-[28264]-[basehttp.py:157]-[basehttp:log_message]-[INFO]- "POST /apis/Orthogonal HTTP/1.1" 200 42
[2021-04-29 17:11:12,260]-[28264]-[views_vue.py:1473]-[views_vue:Orthogonal]-[INFO]- 请求参数！
[2021-04-29 17:11:12,261]-[28264]-[views_vue.py:1496]-[views_vue:Orthogonal]-[INFO]- 请求结果！
[2021-04-29 17:11:12,262]-[28264]-[basehttp.py:157]-[basehttp:log_message]-[INFO]- "POST /apis/Orthogonal HTTP/1.1" 200 68
[2021-04-29 17:11:20,099]-[28264]-[views_vue.py:1473]-[views_vue:Orthogonal]-[INFO]- 请求参数！
[2021-04-29 17:11:20,099]-[28264]-[views_vue.py:1496]-[views_vue:Orthogonal]-[INFO]- 请求结果！
[2021-04-29 17:11:20,100]-[28264]-[basehttp.py:157]-[basehttp:log_message]-[INFO]- "POST /apis/Orthogonal HTTP/1.1" 200 68
[2021-04-29 17:11:32,356]-[28264]-[basehttp.py:157]-[basehttp:log_message]-[INFO]- "OPTIONS /project/getList HTTP/1.1" 200 0
[2021-04-29 17:11:32,359]-[28264]-[basehttp.py:157]-[basehttp:log_message]-[INFO]- "OPTIONS /project/GetProList HTTP/1.1" 200 0
[2021-04-29 17:11:32,359]-[28264]-[views_vue.py:119]-[views_vue:project_list]-[INFO]- 请求参数：{'pageNo': 1, 'pageSize': 10}
[2021-04-29 17:11:32,382]-[28264]-[views_vue.py:168]-[views_vue:GetProList]-[INFO]- 请求成功：{'code': 200, 'data': [{'id': 1, 'listName': 'PRM-B1.3.8', 'remark': '接口项目', 'user': 'lxqiang95', 'other': None, 'user_id': '1', 'created_time': '2021-04-27 01:19:06', 'is_active': '启用', 'is_delete': 0}], 'msg': 'success', 'totalCount': 1}
[2021-04-29 17:11:32,382]-[28264]-[basehttp.py:157]-[basehttp:log_message]-[INFO]- "POST /project/GetProList HTTP/1.1" 200 269
[2021-04-29 17:11:32,387]-[28264]-[views_vue.py:142]-[views_vue:project_list]-[INFO]- 请求成功：{'code': 200, 'data': [{'id': 1, 'listName': 'PRM-B1.3.8', 'remark': '接口项目', 'user': 'lxqiang95', 'other': None, 'user_id': '1', 'created_time': '2021-04-27 01:19:06', 'is_active': '启用', 'is_delete': 0}], 'msg': 'success', 'totalCount': 1}
[2021-04-29 17:11:32,388]-[28264]-[basehttp.py:157]-[basehttp:log_message]-[INFO]- "POST /project/getList HTTP/1.1" 200 269
