[2021-04-27 20:16:52,072] [autoreload.py:617] [autoreload:run_with_reloader] [INFO]- Watching for file changes with StatReloader
[2021-04-27 20:16:55,824] [basehttp.py:157] [basehttp:log_message] [INFO]- "OPTIONS /project/getList HTTP/1.1" 200 0
[2021-04-27 20:16:55,825] [basehttp.py:157] [basehttp:log_message] [INFO]- "OPTIONS /project/GetProList HTTP/1.1" 200 0
[2021-04-27 20:16:55,834] [views_vue.py:1330] [views_vue:community] [ERROR]- 请求出错：<HttpResponse status_code=402, "text/html; charset=utf-8">
[2021-04-27 20:16:55,834] [views_vue.py:1330] [views_vue:community] [ERROR]- 请求出错：<HttpResponse status_code=402, "text/html; charset=utf-8">
[2021-04-27 20:16:55,835] [views_vue.py:1330] [views_vue:community] [ERROR]- 请求出错：<HttpResponse status_code=402, "text/html; charset=utf-8">
[2021-04-27 20:16:55,837] [log.py:224] [log:log_response] [WARNING]- Payment Required: /project/GetProList
[2021-04-27 20:16:55,837] [views_vue.py:1330] [views_vue:community] [ERROR]- 请求出错：<HttpResponse status_code=402, "text/html; charset=utf-8">
[2021-04-27 20:16:55,838] [log.py:224] [log:log_response] [WARNING]- Payment Required: /project/getList
[2021-04-27 20:16:55,838] [basehttp.py:157] [basehttp:log_message] [WARNING]- "POST /project/GetProList HTTP/1.1" 402 56
[2021-04-27 20:16:55,839] [basehttp.py:157] [basehttp:log_message] [WARNING]- "POST /project/getList HTTP/1.1" 402 56
[2021-04-27 20:17:41,828] [autoreload.py:240] [autoreload:trigger_reload] [INFO]- D:\platform\My_api\static\public_method\public_method.py changed, reloading.
[2021-04-27 20:17:42,940] [autoreload.py:617] [autoreload:run_with_reloader] [INFO]- Watching for file changes with StatReloader
[2021-04-27 20:17:51,658] [basehttp.py:157] [basehttp:log_message] [INFO]- "POST /publicKey HTTP/1.1" 200 296
[2021-04-27 20:17:51,663] [basehttp.py:157] [basehttp:log_message] [INFO]- "OPTIONS /login_action HTTP/1.1" 200 0
[2021-04-27 20:17:52,337] [basehttp.py:157] [basehttp:log_message] [INFO]- "POST /login_action HTTP/1.1" 200 104
[2021-04-27 20:17:52,350] [basehttp.py:157] [basehttp:log_message] [INFO]- "OPTIONS /userInfo HTTP/1.1" 200 0
[2021-04-27 20:17:52,354] [views_vue.py:53] [views_vue:userInfo] [INFO]- 登录用户：lxqiang95
[2021-04-27 20:17:52,355] [basehttp.py:157] [basehttp:log_message] [INFO]- "POST /userInfo HTTP/1.1" 200 163
[2021-04-27 20:17:52,506] [views_vue.py:73] [views_vue:project_list] [INFO]- 请求参数：{'pageNo': 1, 'pageSize': 10}
[2021-04-27 20:17:52,519] [views_vue.py:96] [views_vue:project_list] [INFO]- 请求成功：{'code': 200, 'data': [{'id': 1, 'listName': 'PRM-B1.3.8', 'remark': '接口项目', 'user': 'lxqiang95', 'other': None, 'user_id': '1', 'created_time': '2021-04-27 01:19:06', 'is_active': '启用', 'is_delete': 0}], 'msg': 'success', 'totalCount': 1}
[2021-04-27 20:17:52,520] [basehttp.py:157] [basehttp:log_message] [INFO]- "POST /project/GetProList HTTP/1.1" 200 269
[2021-04-27 20:17:52,520] [basehttp.py:157] [basehttp:log_message] [INFO]- "POST /project/getList HTTP/1.1" 200 269
[2021-04-27 20:18:40,389] [autoreload.py:240] [autoreload:trigger_reload] [INFO]- D:\platform\My_api\views_vue.py changed, reloading.
[2021-04-27 20:18:41,493] [autoreload.py:617] [autoreload:run_with_reloader] [INFO]- Watching for file changes with StatReloader
[2021-04-27 20:19:26,817] [autoreload.py:240] [autoreload:trigger_reload] [INFO]- D:\platform\My_api\views_vue.py changed, reloading.
[2021-04-27 20:19:28,622] [autoreload.py:617] [autoreload:run_with_reloader] [INFO]- Watching for file changes with StatReloader
[2021-04-27 20:19:33,819] [views_vue.py:73] [views_vue:project_list] [INFO]- 请求参数：{'pageNo': 1, 'pageSize': 10}
[2021-04-27 20:19:33,836] [views_vue.py:96] [views_vue:project_list] [INFO]- 请求成功：{'code': 200, 'data': [{'id': 1, 'listName': 'PRM-B1.3.8', 'remark': '接口项目', 'user': 'lxqiang95', 'other': None, 'user_id': '1', 'created_time': '2021-04-27 01:19:06', 'is_active': '启用', 'is_delete': 0}], 'msg': 'success', 'totalCount': 1}
[2021-04-27 20:19:33,837] [basehttp.py:157] [basehttp:log_message] [INFO]- "POST /project/getList HTTP/1.1" 200 269
[2021-04-27 20:19:48,666] [views_vue.py:53] [views_vue:userInfo] [INFO]- 登录用户：lxqiang95
[2021-04-27 20:19:48,666] [basehttp.py:157] [basehttp:log_message] [INFO]- "POST /userInfo HTTP/1.1" 200 163
[2021-04-27 20:19:48,907] [views_vue.py:73] [views_vue:project_list] [INFO]- 请求参数：{'pageNo': 1, 'pageSize': 10}
[2021-04-27 20:19:48,917] [views_vue.py:122] [views_vue:GetProList] [INFO]- 请求成功：{'code': 200, 'data': [{'id': 1, 'listName': 'PRM-B1.3.8', 'remark': '接口项目', 'user': 'lxqiang95', 'other': None, 'user_id': '1', 'created_time': '2021-04-27 01:19:06', 'is_active': '启用', 'is_delete': 0}], 'msg': 'success', 'totalCount': 1}
[2021-04-27 20:19:48,917] [views_vue.py:96] [views_vue:project_list] [INFO]- 请求成功：{'code': 200, 'data': [{'id': 1, 'listName': 'PRM-B1.3.8', 'remark': '接口项目', 'user': 'lxqiang95', 'other': None, 'user_id': '1', 'created_time': '2021-04-27 01:19:06', 'is_active': '启用', 'is_delete': 0}], 'msg': 'success', 'totalCount': 1}
[2021-04-27 20:19:48,918] [basehttp.py:157] [basehttp:log_message] [INFO]- "POST /project/GetProList HTTP/1.1" 200 269
[2021-04-27 20:19:48,919] [basehttp.py:157] [basehttp:log_message] [INFO]- "POST /project/getList HTTP/1.1" 200 269
[2021-04-27 20:26:52,948] [autoreload.py:240] [autoreload:trigger_reload] [INFO]- D:\platform\api_platform\settings.py changed, reloading.
[2021-04-27 20:26:53,969] [autoreload.py:617] [autoreload:run_with_reloader] [INFO]- Watching for file changes with StatReloader
[2021-04-27 20:27:19,183] [views_vue.py:53] [views_vue:userInfo] [INFO]- 登录用户：lxqiang95
[2021-04-27 20:27:19,184] [basehttp.py:157] [basehttp:log_message] [INFO]- "POST /userInfo HTTP/1.1" 200 163
[2021-04-27 20:27:19,375] [views_vue.py:73] [views_vue:project_list] [INFO]- 请求参数：{'pageNo': 1, 'pageSize': 10}
[2021-04-27 20:27:19,383] [views_vue.py:122] [views_vue:GetProList] [INFO]- 请求成功：{'code': 200, 'data': [{'id': 1, 'listName': 'PRM-B1.3.8', 'remark': '接口项目', 'user': 'lxqiang95', 'other': None, 'user_id': '1', 'created_time': '2021-04-27 01:19:06', 'is_active': '启用', 'is_delete': 0}], 'msg': 'success', 'totalCount': 1}
[2021-04-27 20:27:19,386] [views_vue.py:96] [views_vue:project_list] [INFO]- 请求成功：{'code': 200, 'data': [{'id': 1, 'listName': 'PRM-B1.3.8', 'remark': '接口项目', 'user': 'lxqiang95', 'other': None, 'user_id': '1', 'created_time': '2021-04-27 01:19:06', 'is_active': '启用', 'is_delete': 0}], 'msg': 'success', 'totalCount': 1}
[2021-04-27 20:27:19,387] [basehttp.py:157] [basehttp:log_message] [INFO]- "POST /project/GetProList HTTP/1.1" 200 269
[2021-04-27 20:27:19,388] [basehttp.py:157] [basehttp:log_message] [INFO]- "POST /project/getList HTTP/1.1" 200 269
[2021-04-27 20:28:09,748] [autoreload.py:617] [autoreload:run_with_reloader] [INFO]- Watching for file changes with StatReloader
[2021-04-27 20:28:18,607] [views_vue.py:53] [views_vue:userInfo] [INFO]- 登录用户：lxqiang95
[2021-04-27 20:28:18,609] [basehttp.py:157] [basehttp:log_message] [INFO]- "POST /userInfo HTTP/1.1" 200 163
[2021-04-27 20:28:18,758] [views_vue.py:73] [views_vue:project_list] [INFO]- 请求参数：{'pageNo': 1, 'pageSize': 10}
[2021-04-27 20:28:18,780] [views_vue.py:122] [views_vue:GetProList] [INFO]- 请求成功：{'code': 200, 'data': [{'id': 1, 'listName': 'PRM-B1.3.8', 'remark': '接口项目', 'user': 'lxqiang95', 'other': None, 'user_id': '1', 'created_time': '2021-04-27 01:19:06', 'is_active': '启用', 'is_delete': 0}], 'msg': 'success', 'totalCount': 1}
[2021-04-27 20:28:18,782] [views_vue.py:96] [views_vue:project_list] [INFO]- 请求成功：{'code': 200, 'data': [{'id': 1, 'listName': 'PRM-B1.3.8', 'remark': '接口项目', 'user': 'lxqiang95', 'other': None, 'user_id': '1', 'created_time': '2021-04-27 01:19:06', 'is_active': '启用', 'is_delete': 0}], 'msg': 'success', 'totalCount': 1}
[2021-04-27 20:28:18,783] [basehttp.py:157] [basehttp:log_message] [INFO]- "POST /project/GetProList HTTP/1.1" 200 269
[2021-04-27 20:28:18,784] [basehttp.py:157] [basehttp:log_message] [INFO]- "POST /project/getList HTTP/1.1" 200 269
[2021-04-27 20:33:04,231] [autoreload.py:240] [autoreload:trigger_reload] [INFO]- D:\platform\api_platform\settings.py changed, reloading.
[2021-04-27 20:39:35,446] [autoreload.py:617] [autoreload:run_with_reloader] [INFO]- Watching for file changes with StatReloader
[2021-04-27 20:39:40,964] [views_vue.py:53] [views_vue:userInfo] [INFO]- 登录用户：lxqiang95
[2021-04-27 20:39:40,965] [basehttp.py:157] [basehttp:log_message] [INFO]- "POST /userInfo HTTP/1.1" 200 163
[2021-04-27 20:39:41,276] [views_vue.py:73] [views_vue:project_list] [INFO]- 请求参数：{'pageNo': 1, 'pageSize': 10}
[2021-04-27 20:39:41,286] [views_vue.py:122] [views_vue:GetProList] [INFO]- 请求成功：{'code': 200, 'data': [{'id': 1, 'listName': 'PRM-B1.3.8', 'remark': '接口项目', 'user': 'lxqiang95', 'other': None, 'user_id': '1', 'created_time': '2021-04-27 01:19:06', 'is_active': '启用', 'is_delete': 0}], 'msg': 'success', 'totalCount': 1}
[2021-04-27 20:39:41,290] [basehttp.py:157] [basehttp:log_message] [INFO]- "POST /project/GetProList HTTP/1.1" 200 269
[2021-04-27 20:39:41,290] [views_vue.py:96] [views_vue:project_list] [INFO]- 请求成功：{'code': 200, 'data': [{'id': 1, 'listName': 'PRM-B1.3.8', 'remark': '接口项目', 'user': 'lxqiang95', 'other': None, 'user_id': '1', 'created_time': '2021-04-27 01:19:06', 'is_active': '启用', 'is_delete': 0}], 'msg': 'success', 'totalCount': 1}
[2021-04-27 20:39:41,293] [basehttp.py:157] [basehttp:log_message] [INFO]- "POST /project/getList HTTP/1.1" 200 269
[2021-04-27 20:40:45,163] [autoreload.py:240] [autoreload:trigger_reload] [INFO]- D:\platform\config\looger.py changed, reloading.
[2021-04-27 20:40:46,543] [autoreload.py:617] [autoreload:run_with_reloader] [INFO]- Watching for file changes with StatReloader
[2021-04-27 20:40:51,276] [autoreload.py:240] [autoreload:trigger_reload] [INFO]- D:\platform\config\looger.py changed, reloading.
[2021-04-27 20:40:52,434] [autoreload.py:617] [autoreload:run_with_reloader] [INFO]- Watching for file changes with StatReloader
[2021-04-27 20:40:55,017] [views_vue.py:53] [views_vue:userInfo] [INFO]- 登录用户：lxqiang95
[2021-04-27 20:40:55,018] [basehttp.py:157] [basehttp:log_message] [INFO]- "POST /userInfo HTTP/1.1" 200 163
[2021-04-27 20:40:55,210] [views_vue.py:73] [views_vue:project_list] [INFO]- 请求参数：{'pageNo': 1, 'pageSize': 10}
[2021-04-27 20:40:55,217] [views_vue.py:122] [views_vue:GetProList] [INFO]- 请求成功：{'code': 200, 'data': [{'id': 1, 'listName': 'PRM-B1.3.8', 'remark': '接口项目', 'user': 'lxqiang95', 'other': None, 'user_id': '1', 'created_time': '2021-04-27 01:19:06', 'is_active': '启用', 'is_delete': 0}], 'msg': 'success', 'totalCount': 1}
[2021-04-27 20:40:55,220] [basehttp.py:157] [basehttp:log_message] [INFO]- "POST /project/GetProList HTTP/1.1" 200 269
[2021-04-27 20:40:55,221] [views_vue.py:96] [views_vue:project_list] [INFO]- 请求成功：{'code': 200, 'data': [{'id': 1, 'listName': 'PRM-B1.3.8', 'remark': '接口项目', 'user': 'lxqiang95', 'other': None, 'user_id': '1', 'created_time': '2021-04-27 01:19:06', 'is_active': '启用', 'is_delete': 0}], 'msg': 'success', 'totalCount': 1}
[2021-04-27 20:40:55,225] [basehttp.py:157] [basehttp:log_message] [INFO]- "POST /project/getList HTTP/1.1" 200 269
[2021-04-27 20:41:01,401] [views_vue.py:53] [views_vue:userInfo] [INFO]- 登录用户：lxqiang95
[2021-04-27 20:41:01,403] [basehttp.py:157] [basehttp:log_message] [INFO]- "POST /userInfo HTTP/1.1" 200 163
[2021-04-27 20:41:01,704] [views_vue.py:53] [views_vue:userInfo] [INFO]- 登录用户：lxqiang95
[2021-04-27 20:41:01,705] [basehttp.py:157] [basehttp:log_message] [INFO]- "POST /userInfo HTTP/1.1" 200 163
[2021-04-27 20:41:01,980] [views_vue.py:53] [views_vue:userInfo] [INFO]- 登录用户：lxqiang95
[2021-04-27 20:41:01,981] [basehttp.py:157] [basehttp:log_message] [INFO]- "POST /userInfo HTTP/1.1" 200 163
[2021-04-27 20:41:02,284] [views_vue.py:53] [views_vue:userInfo] [INFO]- 登录用户：lxqiang95
[2021-04-27 20:41:02,285] [basehttp.py:157] [basehttp:log_message] [INFO]- "POST /userInfo HTTP/1.1" 200 163
[2021-04-27 20:41:02,440] [views_vue.py:73] [views_vue:project_list] [INFO]- 请求参数：{'pageNo': 1, 'pageSize': 10}
[2021-04-27 20:41:02,448] [views_vue.py:122] [views_vue:GetProList] [INFO]- 请求成功：{'code': 200, 'data': [{'id': 1, 'listName': 'PRM-B1.3.8', 'remark': '接口项目', 'user': 'lxqiang95', 'other': None, 'user_id': '1', 'created_time': '2021-04-27 01:19:06', 'is_active': '启用', 'is_delete': 0}], 'msg': 'success', 'totalCount': 1}
[2021-04-27 20:41:02,450] [basehttp.py:157] [basehttp:log_message] [INFO]- "POST /project/GetProList HTTP/1.1" 200 269
[2021-04-27 20:41:02,451] [views_vue.py:96] [views_vue:project_list] [INFO]- 请求成功：{'code': 200, 'data': [{'id': 1, 'listName': 'PRM-B1.3.8', 'remark': '接口项目', 'user': 'lxqiang95', 'other': None, 'user_id': '1', 'created_time': '2021-04-27 01:19:06', 'is_active': '启用', 'is_delete': 0}], 'msg': 'success', 'totalCount': 1}
[2021-04-27 20:41:02,455] [basehttp.py:157] [basehttp:log_message] [INFO]- "POST /project/getList HTTP/1.1" 200 269
[2021-04-27 20:41:05,145] [views_vue.py:53] [views_vue:userInfo] [INFO]- 登录用户：lxqiang95
[2021-04-27 20:41:05,147] [basehttp.py:157] [basehttp:log_message] [INFO]- "POST /userInfo HTTP/1.1" 200 163
[2021-04-27 20:41:05,352] [views_vue.py:73] [views_vue:project_list] [INFO]- 请求参数：{'pageNo': 1, 'pageSize': 10}
[2021-04-27 20:41:05,361] [views_vue.py:122] [views_vue:GetProList] [INFO]- 请求成功：{'code': 200, 'data': [{'id': 1, 'listName': 'PRM-B1.3.8', 'remark': '接口项目', 'user': 'lxqiang95', 'other': None, 'user_id': '1', 'created_time': '2021-04-27 01:19:06', 'is_active': '启用', 'is_delete': 0}], 'msg': 'success', 'totalCount': 1}
[2021-04-27 20:41:05,364] [basehttp.py:157] [basehttp:log_message] [INFO]- "POST /project/GetProList HTTP/1.1" 200 269
[2021-04-27 20:41:05,364] [views_vue.py:96] [views_vue:project_list] [INFO]- 请求成功：{'code': 200, 'data': [{'id': 1, 'listName': 'PRM-B1.3.8', 'remark': '接口项目', 'user': 'lxqiang95', 'other': None, 'user_id': '1', 'created_time': '2021-04-27 01:19:06', 'is_active': '启用', 'is_delete': 0}], 'msg': 'success', 'totalCount': 1}
[2021-04-27 20:41:05,365] [basehttp.py:157] [basehttp:log_message] [INFO]- "POST /project/getList HTTP/1.1" 200 269
[2021-04-27 20:41:05,699] [autoreload.py:240] [autoreload:trigger_reload] [INFO]- D:\platform\config\looger.py changed, reloading.
[2021-04-27 20:41:07,169] [autoreload.py:617] [autoreload:run_with_reloader] [INFO]- Watching for file changes with StatReloader
[2021-04-27 20:41:07,781] [views_vue.py:53] [views_vue:userInfo] [INFO]- 登录用户：lxqiang95
[2021-04-27 20:41:07,782] [basehttp.py:157] [basehttp:log_message] [INFO]- "POST /userInfo HTTP/1.1" 200 163
[2021-04-27 20:41:07,907] [views_vue.py:73] [views_vue:project_list] [INFO]- 请求参数：{'pageNo': 1, 'pageSize': 10}
[2021-04-27 20:41:07,914] [views_vue.py:122] [views_vue:GetProList] [INFO]- 请求成功：{'code': 200, 'data': [{'id': 1, 'listName': 'PRM-B1.3.8', 'remark': '接口项目', 'user': 'lxqiang95', 'other': None, 'user_id': '1', 'created_time': '2021-04-27 01:19:06', 'is_active': '启用', 'is_delete': 0}], 'msg': 'success', 'totalCount': 1}
[2021-04-27 20:41:07,917] [basehttp.py:157] [basehttp:log_message] [INFO]- "POST /project/GetProList HTTP/1.1" 200 269
[2021-04-27 20:41:07,921] [views_vue.py:96] [views_vue:project_list] [INFO]- 请求成功：{'code': 200, 'data': [{'id': 1, 'listName': 'PRM-B1.3.8', 'remark': '接口项目', 'user': 'lxqiang95', 'other': None, 'user_id': '1', 'created_time': '2021-04-27 01:19:06', 'is_active': '启用', 'is_delete': 0}], 'msg': 'success', 'totalCount': 1}
[2021-04-27 20:41:07,922] [basehttp.py:157] [basehttp:log_message] [INFO]- "POST /project/getList HTTP/1.1" 200 269
[2021-04-28 09:28:12,434] [basehttp.py:157] [basehttp:log_message] [INFO]- "OPTIONS /project/getApis HTTP/1.1" 200 0
[2021-04-28 09:28:12,435] [basehttp.py:157] [basehttp:log_message] [INFO]- "OPTIONS /project/GetProList HTTP/1.1" 200 0
[2021-04-28 09:28:12,445] [views_vue.py:1330] [views_vue:community] [ERROR]- 请求出错：<HttpResponse status_code=402, "text/html; charset=utf-8">
[2021-04-28 09:28:12,446] [views_vue.py:1330] [views_vue:community] [ERROR]- 请求出错：<HttpResponse status_code=402, "text/html; charset=utf-8">
[2021-04-28 09:28:12,447] [views_vue.py:1330] [views_vue:community] [ERROR]- 请求出错：<HttpResponse status_code=402, "text/html; charset=utf-8">
[2021-04-28 09:28:12,447] [views_vue.py:1330] [views_vue:community] [ERROR]- 请求出错：<HttpResponse status_code=402, "text/html; charset=utf-8">
[2021-04-28 09:28:12,448] [log.py:224] [log:log_response] [WARNING]- Payment Required: /project/getApis
[2021-04-28 09:28:12,448] [log.py:224] [log:log_response] [WARNING]- Payment Required: /project/GetProList
[2021-04-28 09:28:12,448] [basehttp.py:157] [basehttp:log_message] [WARNING]- "POST /project/getApis HTTP/1.1" 402 56
[2021-04-28 09:28:12,449] [basehttp.py:157] [basehttp:log_message] [WARNING]- "POST /project/GetProList HTTP/1.1" 402 56
[2021-04-28 09:28:22,321] [basehttp.py:157] [basehttp:log_message] [INFO]- "POST /publicKey HTTP/1.1" 200 296
[2021-04-28 09:28:22,328] [basehttp.py:157] [basehttp:log_message] [INFO]- "OPTIONS /login_action HTTP/1.1" 200 0
[2021-04-28 09:28:23,023] [basehttp.py:157] [basehttp:log_message] [INFO]- "POST /login_action HTTP/1.1" 200 104
[2021-04-28 09:28:23,036] [basehttp.py:157] [basehttp:log_message] [INFO]- "OPTIONS /userInfo HTTP/1.1" 200 0
[2021-04-28 09:28:23,038] [views_vue.py:53] [views_vue:userInfo] [INFO]- 登录用户：lxqiang95
[2021-04-28 09:28:23,039] [basehttp.py:157] [basehttp:log_message] [INFO]- "POST /userInfo HTTP/1.1" 200 163
[2021-04-28 09:28:23,605] [views_vue.py:122] [views_vue:GetProList] [INFO]- 请求成功：{'code': 200, 'data': [{'id': 1, 'listName': 'PRM-B1.3.8', 'remark': '接口项目', 'user': 'lxqiang95', 'other': None, 'user_id': '1', 'created_time': '2021-04-27 01:19:06', 'is_active': '启用', 'is_delete': 0}], 'msg': 'success', 'totalCount': 1}
[2021-04-28 09:28:23,689] [basehttp.py:157] [basehttp:log_message] [INFO]- "POST /project/GetProList HTTP/1.1" 200 269
[2021-04-28 09:28:23,744] [basehttp.py:157] [basehttp:log_message] [INFO]- "POST /project/getApis HTTP/1.1" 200 68888
[2021-04-28 09:28:25,021] [basehttp.py:157] [basehttp:log_message] [INFO]- "OPTIONS /project/Returned HTTP/1.1" 200 0
[2021-04-28 09:28:25,022] [views_vue.py:1356] [views_vue:GetReturned] [INFO]- 请求参数！
[2021-04-28 09:28:25,029] [views_vue.py:1367] [views_vue:GetReturned] [INFO]- 请求成功！
[2021-04-28 09:28:25,029] [basehttp.py:157] [basehttp:log_message] [INFO]- "POST /project/Returned HTTP/1.1" 200 181
[2021-04-28 09:31:55,449] [views_vue.py:53] [views_vue:userInfo] [INFO]- 登录用户：lxqiang95
[2021-04-28 09:31:55,450] [basehttp.py:157] [basehttp:log_message] [INFO]- "POST /userInfo HTTP/1.1" 200 163
[2021-04-28 09:31:55,769] [views_vue.py:122] [views_vue:GetProList] [INFO]- 请求成功：{'code': 200, 'data': [{'id': 1, 'listName': 'PRM-B1.3.8', 'remark': '接口项目', 'user': 'lxqiang95', 'other': None, 'user_id': '1', 'created_time': '2021-04-27 01:19:06', 'is_active': '启用', 'is_delete': 0}], 'msg': 'success', 'totalCount': 1}
[2021-04-28 09:31:55,771] [basehttp.py:157] [basehttp:log_message] [INFO]- "POST /project/GetProList HTTP/1.1" 200 269
[2021-04-28 09:31:55,789] [basehttp.py:157] [basehttp:log_message] [INFO]- "POST /project/getApis HTTP/1.1" 200 68888
[2021-04-28 09:31:57,614] [views_vue.py:1356] [views_vue:GetReturned] [INFO]- 请求参数！
[2021-04-28 09:31:57,619] [views_vue.py:1367] [views_vue:GetReturned] [INFO]- 请求成功！
[2021-04-28 09:31:57,621] [basehttp.py:157] [basehttp:log_message] [INFO]- "POST /project/Returned HTTP/1.1" 200 181
[2021-04-28 09:32:02,083] [views_vue.py:1356] [views_vue:GetReturned] [INFO]- 请求参数！
[2021-04-28 09:32:02,089] [views_vue.py:1367] [views_vue:GetReturned] [INFO]- 请求成功！
[2021-04-28 09:32:02,089] [basehttp.py:157] [basehttp:log_message] [INFO]- "POST /project/Returned HTTP/1.1" 200 181
[2021-04-28 11:04:01,567] [views_vue.py:122] [views_vue:GetProList] [INFO]- 请求成功：{'code': 200, 'data': [{'id': 1, 'listName': 'PRM-B1.3.8', 'remark': '接口项目', 'user': 'lxqiang95', 'other': None, 'user_id': '1', 'created_time': '2021-04-27 01:19:06', 'is_active': '启用', 'is_delete': 0}], 'msg': 'success', 'totalCount': 1}
[2021-04-28 11:04:01,569] [basehttp.py:157] [basehttp:log_message] [INFO]- "POST /project/GetProList HTTP/1.1" 200 269
[2021-04-28 11:04:32,806] [basehttp.py:157] [basehttp:log_message] [INFO]- "OPTIONS /project/SendRequest HTTP/1.1" 200 0
[2021-04-28 11:04:33,123] [basehttp.py:157] [basehttp:log_message] [INFO]- "POST /project/SendRequest HTTP/1.1" 200 197
[2021-04-28 11:04:52,647] [basehttp.py:157] [basehttp:log_message] [INFO]- "POST /project/SendRequest HTTP/1.1" 200 197
[2021-04-28 11:04:57,639] [basehttp.py:157] [basehttp:log_message] [INFO]- "OPTIONS /project/SaveApis HTTP/1.1" 200 0
[2021-04-28 11:04:57,724] [basehttp.py:157] [basehttp:log_message] [INFO]- "POST /project/SaveApis HTTP/1.1" 200 46
[2021-04-28 11:04:57,725] [basehttp.py:157] [basehttp:log_message] [INFO]- "POST /project/getApis HTTP/1.1" 200 68888
[2021-04-28 11:05:01,169] [basehttp.py:157] [basehttp:log_message] [INFO]- "POST /project/getApis HTTP/1.1" 200 69526
[2021-04-28 11:05:03,346] [views_vue.py:122] [views_vue:GetProList] [INFO]- 请求成功：{'code': 200, 'data': [{'id': 1, 'listName': 'PRM-B1.3.8', 'remark': '接口项目', 'user': 'lxqiang95', 'other': None, 'user_id': '1', 'created_time': '2021-04-27 01:19:06', 'is_active': '启用', 'is_delete': 0}], 'msg': 'success', 'totalCount': 1}
[2021-04-28 11:05:03,347] [basehttp.py:157] [basehttp:log_message] [INFO]- "POST /project/GetProList HTTP/1.1" 200 269
[2021-04-28 11:05:24,325] [basehttp.py:157] [basehttp:log_message] [INFO]- "POST /project/SendRequest HTTP/1.1" 200 174
[2021-04-28 11:05:35,917] [basehttp.py:157] [basehttp:log_message] [INFO]- "POST /project/SaveApis HTTP/1.1" 200 46
[2021-04-28 11:05:35,925] [basehttp.py:157] [basehttp:log_message] [INFO]- "POST /project/getApis HTTP/1.1" 200 69526
[2021-04-28 11:05:38,051] [basehttp.py:157] [basehttp:log_message] [INFO]- "POST /project/getApis HTTP/1.1" 200 70108
[2021-04-28 11:08:27,463] [views_vue.py:1356] [views_vue:GetReturned] [INFO]- 请求参数！
[2021-04-28 11:08:27,469] [views_vue.py:1367] [views_vue:GetReturned] [INFO]- 请求成功！
[2021-04-28 11:08:27,469] [basehttp.py:157] [basehttp:log_message] [INFO]- "POST /project/Returned HTTP/1.1" 200 181
[2021-04-28 11:08:33,585] [basehttp.py:157] [basehttp:log_message] [INFO]- "POST /project/SendRequest HTTP/1.1" 200 321
[2021-04-28 11:08:47,399] [basehttp.py:157] [basehttp:log_message] [INFO]- "OPTIONS /project/DebugApis HTTP/1.1" 200 0
[2021-04-28 11:08:47,508] [basehttp.py:157] [basehttp:log_message] [INFO]- "POST /project/getApis HTTP/1.1" 200 70108
[2021-04-28 11:08:47,511] [basehttp.py:157] [basehttp:log_message] [INFO]- "POST /project/DebugApis HTTP/1.1" 200 46
[2021-04-28 11:08:49,503] [views_vue.py:1356] [views_vue:GetReturned] [INFO]- 请求参数！
[2021-04-28 11:08:49,508] [views_vue.py:1367] [views_vue:GetReturned] [INFO]- 请求成功！
[2021-04-28 11:08:49,509] [basehttp.py:157] [basehttp:log_message] [INFO]- "POST /project/Returned HTTP/1.1" 200 181
[2021-04-28 11:08:55,367] [views_vue.py:122] [views_vue:GetProList] [INFO]- 请求成功：{'code': 200, 'data': [{'id': 1, 'listName': 'PRM-B1.3.8', 'remark': '接口项目', 'user': 'lxqiang95', 'other': None, 'user_id': '1', 'created_time': '2021-04-27 01:19:06', 'is_active': '启用', 'is_delete': 0}], 'msg': 'success', 'totalCount': 1}
[2021-04-28 11:08:55,369] [basehttp.py:157] [basehttp:log_message] [INFO]- "POST /project/GetProList HTTP/1.1" 200 269
[2021-04-28 11:09:15,930] [basehttp.py:157] [basehttp:log_message] [INFO]- "POST /project/SendRequest HTTP/1.1" 200 197
[2021-04-28 11:10:41,261] [views_vue.py:122] [views_vue:GetProList] [INFO]- 请求成功：{'code': 200, 'data': [{'id': 1, 'listName': 'PRM-B1.3.8', 'remark': '接口项目', 'user': 'lxqiang95', 'other': None, 'user_id': '1', 'created_time': '2021-04-27 01:19:06', 'is_active': '启用', 'is_delete': 0}], 'msg': 'success', 'totalCount': 1}
[2021-04-28 11:10:41,262] [basehttp.py:157] [basehttp:log_message] [INFO]- "POST /project/GetProList HTTP/1.1" 200 269
[2021-04-28 11:11:00,529] [basehttp.py:157] [basehttp:log_message] [INFO]- "POST /project/SendRequest HTTP/1.1" 200 197
[2021-04-28 11:11:08,570] [basehttp.py:157] [basehttp:log_message] [INFO]- "POST /project/SendRequest HTTP/1.1" 200 197
[2021-04-28 11:15:04,323] [views_vue.py:1356] [views_vue:GetReturned] [INFO]- 请求参数！
[2021-04-28 11:15:04,342] [views_vue.py:1367] [views_vue:GetReturned] [INFO]- 请求成功！
[2021-04-28 11:15:04,343] [basehttp.py:157] [basehttp:log_message] [INFO]- "POST /project/Returned HTTP/1.1" 200 181
[2021-04-28 11:15:09,755] [basehttp.py:157] [basehttp:log_message] [INFO]- "POST /project/SendRequest HTTP/1.1" 200 321
[2021-04-28 11:15:21,293] [basehttp.py:157] [basehttp:log_message] [INFO]- "POST /project/SendRequest HTTP/1.1" 200 321
[2021-04-28 11:15:52,915] [basehttp.py:157] [basehttp:log_message] [INFO]- "POST /project/SendRequest HTTP/1.1" 200 313
[2021-04-28 11:15:59,099] [basehttp.py:157] [basehttp:log_message] [INFO]- "POST /project/SendRequest HTTP/1.1" 200 321
[2021-04-28 11:16:13,320] [views_vue.py:122] [views_vue:GetProList] [INFO]- 请求成功：{'code': 200, 'data': [{'id': 1, 'listName': 'PRM-B1.3.8', 'remark': '接口项目', 'user': 'lxqiang95', 'other': None, 'user_id': '1', 'created_time': '2021-04-27 01:19:06', 'is_active': '启用', 'is_delete': 0}], 'msg': 'success', 'totalCount': 1}
[2021-04-28 11:16:13,321] [basehttp.py:157] [basehttp:log_message] [INFO]- "POST /project/GetProList HTTP/1.1" 200 269
[2021-04-28 11:16:16,742] [basehttp.py:157] [basehttp:log_message] [INFO]- "POST /project/SendRequest HTTP/1.1" 200 197
[2021-04-28 11:16:48,614] [basehttp.py:157] [basehttp:log_message] [INFO]- "POST /project/SendRequest HTTP/1.1" 200 197
