[2021-04-28 11:18:13,426] [autoreload.py:617] [autoreload:run_with_reloader] [INFO]- Watching for file changes with StatReloader
[2021-04-28 11:20:00,752] [basehttp.py:157] [basehttp:log_message] [INFO]- "POST /project/SendRequest HTTP/1.1" 200 134
[2021-04-28 11:20:14,130] [basehttp.py:157] [basehttp:log_message] [INFO]- "POST /project/SendRequest HTTP/1.1" 200 134
[2021-04-28 11:20:35,577] [basehttp.py:157] [basehttp:log_message] [INFO]- "POST /project/SendRequest HTTP/1.1" 200 134
[2021-04-28 11:21:25,293] [autoreload.py:240] [autoreload:trigger_reload] [INFO]- D:\platform\My_api\views_vue.py changed, reloading.
[2021-04-28 11:21:27,936] [autoreload.py:617] [autoreload:run_with_reloader] [INFO]- Watching for file changes with StatReloader
[2021-04-28 11:22:08,254] [autoreload.py:240] [autoreload:trigger_reload] [INFO]- D:\platform\My_api\views_vue.py changed, reloading.
[2021-04-28 11:22:11,418] [autoreload.py:617] [autoreload:run_with_reloader] [INFO]- Watching for file changes with StatReloader
[2021-04-28 11:22:25,798] [basehttp.py:157] [basehttp:log_message] [INFO]- "POST /project/SendRequest HTTP/1.1" 200 134
[2021-04-28 11:22:53,724] [views_vue.py:1356] [views_vue:GetReturned] [INFO]- 请求参数！
[2021-04-28 11:22:53,739] [views_vue.py:1367] [views_vue:GetReturned] [INFO]- 请求成功！
[2021-04-28 11:22:53,740] [basehttp.py:157] [basehttp:log_message] [INFO]- "POST /project/Returned HTTP/1.1" 200 181
[2021-04-28 11:22:58,165] [views_vue.py:1356] [views_vue:GetReturned] [INFO]- 请求参数！
[2021-04-28 11:22:58,174] [views_vue.py:1367] [views_vue:GetReturned] [INFO]- 请求成功！
[2021-04-28 11:22:58,176] [basehttp.py:157] [basehttp:log_message] [INFO]- "POST /project/Returned HTTP/1.1" 200 181
[2021-04-28 11:22:59,932] [basehttp.py:157] [basehttp:log_message] [INFO]- "POST /project/SendRequest HTTP/1.1" 200 321
[2021-04-28 11:23:04,404] [views_vue.py:122] [views_vue:GetProList] [INFO]- 请求成功：{'code': 200, 'data': [{'id': 1, 'listName': 'PRM-B1.3.8', 'remark': '接口项目', 'user': 'lxqiang95', 'other': None, 'user_id': '1', 'created_time': '2021-04-27 01:19:06', 'is_active': '启用', 'is_delete': 0}], 'msg': 'success', 'totalCount': 1}
[2021-04-28 11:23:04,406] [basehttp.py:157] [basehttp:log_message] [INFO]- "POST /project/GetProList HTTP/1.1" 200 269
[2021-04-28 11:23:34,388] [views_vue.py:1356] [views_vue:GetReturned] [INFO]- 请求参数！
[2021-04-28 11:23:34,403] [views_vue.py:1367] [views_vue:GetReturned] [INFO]- 请求成功！
[2021-04-28 11:23:34,405] [basehttp.py:157] [basehttp:log_message] [INFO]- "POST /project/Returned HTTP/1.1" 200 181
[2021-04-28 11:23:37,452] [views_vue.py:1356] [views_vue:GetReturned] [INFO]- 请求参数！
[2021-04-28 11:23:37,464] [views_vue.py:1367] [views_vue:GetReturned] [INFO]- 请求成功！
[2021-04-28 11:23:37,466] [basehttp.py:157] [basehttp:log_message] [INFO]- "POST /project/Returned HTTP/1.1" 200 181
[2021-04-28 11:23:40,218] [basehttp.py:157] [basehttp:log_message] [INFO]- "POST /project/SendRequest HTTP/1.1" 200 134
[2021-04-28 11:23:47,835] [views_vue.py:122] [views_vue:GetProList] [INFO]- 请求成功：{'code': 200, 'data': [{'id': 1, 'listName': 'PRM-B1.3.8', 'remark': '接口项目', 'user': 'lxqiang95', 'other': None, 'user_id': '1', 'created_time': '2021-04-27 01:19:06', 'is_active': '启用', 'is_delete': 0}], 'msg': 'success', 'totalCount': 1}
[2021-04-28 11:23:47,836] [basehttp.py:157] [basehttp:log_message] [INFO]- "POST /project/GetProList HTTP/1.1" 200 269
[2021-04-28 11:23:52,827] [basehttp.py:157] [basehttp:log_message] [INFO]- "POST /project/SendRequest HTTP/1.1" 200 321
[2021-04-28 11:23:58,878] [views_vue.py:53] [views_vue:userInfo] [INFO]- 登录用户：lxqiang95
[2021-04-28 11:23:58,881] [basehttp.py:157] [basehttp:log_message] [INFO]- "POST /userInfo HTTP/1.1" 200 163
[2021-04-28 11:23:59,383] [views_vue.py:122] [views_vue:GetProList] [INFO]- 请求成功：{'code': 200, 'data': [{'id': 1, 'listName': 'PRM-B1.3.8', 'remark': '接口项目', 'user': 'lxqiang95', 'other': None, 'user_id': '1', 'created_time': '2021-04-27 01:19:06', 'is_active': '启用', 'is_delete': 0}], 'msg': 'success', 'totalCount': 1}
[2021-04-28 11:23:59,390] [basehttp.py:157] [basehttp:log_message] [INFO]- "POST /project/GetProList HTTP/1.1" 200 269
[2021-04-28 11:23:59,478] [basehttp.py:157] [basehttp:log_message] [INFO]- "POST /project/getApis HTTP/1.1" 200 70261
[2021-04-28 11:29:49,786] [autoreload.py:240] [autoreload:trigger_reload] [INFO]- D:\platform\My_api\views_vue.py changed, reloading.
[2021-04-28 11:29:51,907] [autoreload.py:617] [autoreload:run_with_reloader] [INFO]- Watching for file changes with StatReloader
[2021-04-28 11:29:55,830] [autoreload.py:240] [autoreload:trigger_reload] [INFO]- D:\platform\My_api\views_vue.py changed, reloading.
[2021-04-28 11:29:58,330] [autoreload.py:617] [autoreload:run_with_reloader] [INFO]- Watching for file changes with StatReloader
[2021-04-28 11:31:15,307] [autoreload.py:240] [autoreload:trigger_reload] [INFO]- D:\platform\My_api\views_vue.py changed, reloading.
[2021-04-28 11:31:17,466] [autoreload.py:617] [autoreload:run_with_reloader] [INFO]- Watching for file changes with StatReloader
[2021-04-28 11:31:27,504] [autoreload.py:240] [autoreload:trigger_reload] [INFO]- D:\platform\My_api\views_vue.py changed, reloading.
[2021-04-28 11:31:29,517] [autoreload.py:617] [autoreload:run_with_reloader] [INFO]- Watching for file changes with StatReloader
[2021-04-28 11:34:49,313] [autoreload.py:240] [autoreload:trigger_reload] [INFO]- D:\platform\My_api\views_vue.py changed, reloading.
[2021-04-28 11:34:51,684] [autoreload.py:617] [autoreload:run_with_reloader] [INFO]- Watching for file changes with StatReloader
[2021-04-28 11:35:51,043] [autoreload.py:240] [autoreload:trigger_reload] [INFO]- D:\platform\My_api\views_vue.py changed, reloading.
[2021-04-28 11:35:53,081] [autoreload.py:617] [autoreload:run_with_reloader] [INFO]- Watching for file changes with StatReloader
[2021-04-28 11:36:20,684] [autoreload.py:240] [autoreload:trigger_reload] [INFO]- D:\platform\My_api\views_vue.py changed, reloading.
[2021-04-28 11:36:23,553] [autoreload.py:617] [autoreload:run_with_reloader] [INFO]- Watching for file changes with StatReloader
[2021-04-28 11:36:28,328] [autoreload.py:617] [autoreload:run_with_reloader] [INFO]- Watching for file changes with StatReloader
