[2021-05-06 08:34:32,739]-[9052]-[views_vue.py:1423]-[views_vue:community]-[ERROR]- 请求出错：<HttpResponse status_code=402, "text/html; charset=utf-8">
[2021-05-06 08:34:32,745]-[9052]-[views_vue.py:1423]-[views_vue:community]-[ERROR]- 请求出错：<HttpResponse status_code=402, "text/html; charset=utf-8">
[2021-05-06 09:48:02,660]-[3028]-[views_vue.py:1423]-[views_vue:community]-[ERROR]- 请求出错：<HttpResponse status_code=402, "text/html; charset=utf-8">
[2021-05-06 09:48:02,660]-[3028]-[views_vue.py:1423]-[views_vue:community]-[ERROR]- 请求出错：<HttpResponse status_code=402, "text/html; charset=utf-8">
[2021-05-06 09:53:09,151]-[1500]-[views_vue.py:1423]-[views_vue:community]-[ERROR]- 请求出错：<HttpResponse status_code=402, "text/html; charset=utf-8">
[2021-05-06 09:53:09,152]-[1500]-[views_vue.py:1423]-[views_vue:community]-[ERROR]- 请求出错：<HttpResponse status_code=402, "text/html; charset=utf-8">
[2021-05-06 10:52:24,302]-[10604]-[views_vue.py:1423]-[views_vue:community]-[ERROR]- 请求出错：<HttpResponse status_code=402, "text/html; charset=utf-8">
[2021-05-06 10:52:24,302]-[10604]-[views_vue.py:1423]-[views_vue:community]-[ERROR]- 请求出错：<HttpResponse status_code=402, "text/html; charset=utf-8">
[2021-05-06 10:52:24,307]-[10604]-[views_vue.py:1423]-[views_vue:community]-[ERROR]- 请求出错：<HttpResponse status_code=402, "text/html; charset=utf-8">
[2021-05-06 10:52:24,308]-[10604]-[views_vue.py:1423]-[views_vue:community]-[ERROR]- 请求出错：<HttpResponse status_code=402, "text/html; charset=utf-8">
[2021-05-06 10:52:24,313]-[10604]-[views_vue.py:1423]-[views_vue:community]-[ERROR]- 请求出错：<HttpResponse status_code=402, "text/html; charset=utf-8">
[2021-05-06 10:52:24,313]-[10604]-[views_vue.py:1423]-[views_vue:community]-[ERROR]- 请求出错：<HttpResponse status_code=402, "text/html; charset=utf-8">
[2021-05-06 10:59:47,022]-[19508]-[views_vue.py:1423]-[views_vue:community]-[ERROR]- 请求出错：<HttpResponse status_code=402, "text/html; charset=utf-8">
[2021-05-06 10:59:47,022]-[19508]-[views_vue.py:1423]-[views_vue:community]-[ERROR]- 请求出错：<HttpResponse status_code=402, "text/html; charset=utf-8">
[2021-05-06 10:59:47,026]-[19508]-[views_vue.py:1423]-[views_vue:community]-[ERROR]- 请求出错：<HttpResponse status_code=402, "text/html; charset=utf-8">
[2021-05-06 10:59:47,027]-[19508]-[views_vue.py:1423]-[views_vue:community]-[ERROR]- 请求出错：<HttpResponse status_code=402, "text/html; charset=utf-8">
[2021-05-06 10:59:47,031]-[19508]-[views_vue.py:1423]-[views_vue:community]-[ERROR]- 请求出错：<HttpResponse status_code=402, "text/html; charset=utf-8">
[2021-05-06 10:59:47,032]-[19508]-[views_vue.py:1423]-[views_vue:community]-[ERROR]- 请求出错：<HttpResponse status_code=402, "text/html; charset=utf-8">
[2021-05-06 10:59:47,036]-[19508]-[views_vue.py:1423]-[views_vue:community]-[ERROR]- 请求出错：<HttpResponse status_code=402, "text/html; charset=utf-8">
[2021-05-06 10:59:47,037]-[19508]-[views_vue.py:1423]-[views_vue:community]-[ERROR]- 请求出错：<HttpResponse status_code=402, "text/html; charset=utf-8">
[2021-05-06 11:01:22,530]-[19508]-[views_vue.py:1423]-[views_vue:community]-[ERROR]- 请求出错：<HttpResponse status_code=402, "text/html; charset=utf-8">
[2021-05-06 11:01:22,530]-[19508]-[views_vue.py:1423]-[views_vue:community]-[ERROR]- 请求出错：<HttpResponse status_code=402, "text/html; charset=utf-8">
[2021-05-06 11:01:22,535]-[19508]-[views_vue.py:1423]-[views_vue:community]-[ERROR]- 请求出错：<HttpResponse status_code=402, "text/html; charset=utf-8">
[2021-05-06 11:01:22,535]-[19508]-[views_vue.py:1423]-[views_vue:community]-[ERROR]- 请求出错：<HttpResponse status_code=402, "text/html; charset=utf-8">
[2021-05-06 11:01:22,539]-[19508]-[views_vue.py:1423]-[views_vue:community]-[ERROR]- 请求出错：<HttpResponse status_code=402, "text/html; charset=utf-8">
[2021-05-06 11:01:22,540]-[19508]-[views_vue.py:1423]-[views_vue:community]-[ERROR]- 请求出错：<HttpResponse status_code=402, "text/html; charset=utf-8">
[2021-05-06 11:01:22,544]-[19508]-[views_vue.py:1423]-[views_vue:community]-[ERROR]- 请求出错：<HttpResponse status_code=402, "text/html; charset=utf-8">
[2021-05-06 11:01:22,545]-[19508]-[views_vue.py:1423]-[views_vue:community]-[ERROR]- 请求出错：<HttpResponse status_code=402, "text/html; charset=utf-8">
[2021-05-06 11:01:43,433]-[19508]-[views_vue.py:1423]-[views_vue:community]-[ERROR]- 请求出错：<HttpResponse status_code=402, "text/html; charset=utf-8">
[2021-05-06 11:01:43,433]-[19508]-[views_vue.py:1423]-[views_vue:community]-[ERROR]- 请求出错：<HttpResponse status_code=402, "text/html; charset=utf-8">
[2021-05-06 11:01:43,437]-[19508]-[views_vue.py:1423]-[views_vue:community]-[ERROR]- 请求出错：<HttpResponse status_code=402, "text/html; charset=utf-8">
[2021-05-06 11:01:43,438]-[19508]-[views_vue.py:1423]-[views_vue:community]-[ERROR]- 请求出错：<HttpResponse status_code=402, "text/html; charset=utf-8">
[2021-05-06 11:01:43,442]-[19508]-[views_vue.py:1423]-[views_vue:community]-[ERROR]- 请求出错：<HttpResponse status_code=402, "text/html; charset=utf-8">
[2021-05-06 11:01:43,442]-[19508]-[views_vue.py:1423]-[views_vue:community]-[ERROR]- 请求出错：<HttpResponse status_code=402, "text/html; charset=utf-8">
[2021-05-06 11:01:43,453]-[19508]-[views_vue.py:1423]-[views_vue:community]-[ERROR]- 请求出错：<HttpResponse status_code=402, "text/html; charset=utf-8">
[2021-05-06 11:01:43,453]-[19508]-[views_vue.py:1423]-[views_vue:community]-[ERROR]- 请求出错：<HttpResponse status_code=402, "text/html; charset=utf-8">
[2021-05-06 11:03:20,349]-[18824]-[views_vue.py:1423]-[views_vue:community]-[ERROR]- 请求出错：<HttpResponse status_code=402, "text/html; charset=utf-8">
[2021-05-06 11:03:20,349]-[18824]-[views_vue.py:1423]-[views_vue:community]-[ERROR]- 请求出错：<HttpResponse status_code=402, "text/html; charset=utf-8">
[2021-05-06 11:03:20,353]-[18824]-[views_vue.py:1423]-[views_vue:community]-[ERROR]- 请求出错：<HttpResponse status_code=402, "text/html; charset=utf-8">
[2021-05-06 11:03:20,354]-[18824]-[views_vue.py:1423]-[views_vue:community]-[ERROR]- 请求出错：<HttpResponse status_code=402, "text/html; charset=utf-8">
[2021-05-06 11:03:20,358]-[18824]-[views_vue.py:1423]-[views_vue:community]-[ERROR]- 请求出错：<HttpResponse status_code=402, "text/html; charset=utf-8">
[2021-05-06 11:03:20,359]-[18824]-[views_vue.py:1423]-[views_vue:community]-[ERROR]- 请求出错：<HttpResponse status_code=402, "text/html; charset=utf-8">
[2021-05-06 11:03:20,368]-[18824]-[views_vue.py:1423]-[views_vue:community]-[ERROR]- 请求出错：<HttpResponse status_code=402, "text/html; charset=utf-8">
[2021-05-06 11:03:20,369]-[18824]-[views_vue.py:1423]-[views_vue:community]-[ERROR]- 请求出错：<HttpResponse status_code=402, "text/html; charset=utf-8">
[2021-05-06 11:04:07,483]-[18824]-[views_vue.py:1423]-[views_vue:community]-[ERROR]- 请求出错：<HttpResponse status_code=402, "text/html; charset=utf-8">
[2021-05-06 11:04:07,483]-[18824]-[views_vue.py:1423]-[views_vue:community]-[ERROR]- 请求出错：<HttpResponse status_code=402, "text/html; charset=utf-8">
[2021-05-06 11:09:15,489]-[15624]-[views_vue.py:1423]-[views_vue:community]-[ERROR]- 请求出错：<HttpResponse status_code=402, "text/html; charset=utf-8">
[2021-05-06 11:09:15,489]-[15624]-[views_vue.py:1423]-[views_vue:community]-[ERROR]- 请求出错：<HttpResponse status_code=402, "text/html; charset=utf-8">
[2021-05-06 11:09:15,490]-[15624]-[views_vue.py:1423]-[views_vue:community]-[ERROR]- 请求出错：<HttpResponse status_code=402, "text/html; charset=utf-8">
[2021-05-06 11:09:15,490]-[15624]-[views_vue.py:1423]-[views_vue:community]-[ERROR]- 请求出错：<HttpResponse status_code=402, "text/html; charset=utf-8">
[2021-05-06 11:14:57,054]-[1680]-[views_vue.py:1738]-[views_vue:HttpReport]-[ERROR]- 错误信息：Reports/runner/zxc.html
[2021-05-06 11:19:56,301]-[13164]-[views_vue.py:1736]-[views_vue:HttpReport]-[ERROR]- 错误信息：Reports/runner/zxc.html
[2021-05-06 11:51:37,178]-[14820]-[views_vue.py:1726]-[views_vue:HttpReport]-[ERROR]- 错误信息：Reports/runner/zxc.html
[2021-05-06 11:51:57,939]-[14820]-[views_vue.py:1726]-[views_vue:HttpReport]-[ERROR]- 错误信息：Reports/runner/debug.html
[2021-05-06 11:51:58,685]-[14820]-[views_vue.py:1726]-[views_vue:HttpReport]-[ERROR]- 错误信息：Reports/runner/zxc.html
[2021-05-06 13:09:52,181]-[14820]-[views_vue.py:1419]-[views_vue:community]-[ERROR]- 请求出错：<HttpResponse status_code=402, "text/html; charset=utf-8">
[2021-05-06 13:09:52,183]-[14820]-[views_vue.py:1419]-[views_vue:community]-[ERROR]- 请求出错：<HttpResponse status_code=402, "text/html; charset=utf-8">
[2021-05-06 13:17:40,055]-[21164]-[views_vue.py:1717]-[views_vue:HttpReport]-[ERROR]- 错误信息：Reports/runner/zxc.html
[2021-05-06 13:17:40,460]-[21164]-[views_vue.py:1717]-[views_vue:HttpReport]-[ERROR]- 错误信息：Reports/runner/debug.html
[2021-05-06 13:18:19,444]-[21164]-[views_vue.py:1419]-[views_vue:community]-[ERROR]- 请求出错：<HttpResponse status_code=402, "text/html; charset=utf-8">
[2021-05-06 13:18:19,445]-[21164]-[views_vue.py:1419]-[views_vue:community]-[ERROR]- 请求出错：<HttpResponse status_code=402, "text/html; charset=utf-8">
[2021-05-06 13:18:24,461]-[21164]-[views_vue.py:1717]-[views_vue:HttpReport]-[ERROR]- 错误信息：Reports/runner/zxc.html
[2021-05-06 13:19:51,497]-[21164]-[views_vue.py:1419]-[views_vue:community]-[ERROR]- 请求出错：<HttpResponse status_code=402, "text/html; charset=utf-8">
[2021-05-06 13:19:51,497]-[21164]-[views_vue.py:1419]-[views_vue:community]-[ERROR]- 请求出错：<HttpResponse status_code=402, "text/html; charset=utf-8">
[2021-05-06 13:19:51,502]-[21164]-[views_vue.py:1419]-[views_vue:community]-[ERROR]- 请求出错：<HttpResponse status_code=402, "text/html; charset=utf-8">
[2021-05-06 13:19:51,502]-[21164]-[views_vue.py:1419]-[views_vue:community]-[ERROR]- 请求出错：<HttpResponse status_code=402, "text/html; charset=utf-8">
[2021-05-06 13:19:51,507]-[21164]-[views_vue.py:1419]-[views_vue:community]-[ERROR]- 请求出错：<HttpResponse status_code=402, "text/html; charset=utf-8">
[2021-05-06 13:19:51,507]-[21164]-[views_vue.py:1419]-[views_vue:community]-[ERROR]- 请求出错：<HttpResponse status_code=402, "text/html; charset=utf-8">
[2021-05-06 13:19:51,515]-[21164]-[views_vue.py:1419]-[views_vue:community]-[ERROR]- 请求出错：<HttpResponse status_code=402, "text/html; charset=utf-8">
[2021-05-06 13:19:51,515]-[21164]-[views_vue.py:1419]-[views_vue:community]-[ERROR]- 请求出错：<HttpResponse status_code=402, "text/html; charset=utf-8">
[2021-05-06 13:20:13,991]-[21164]-[views_vue.py:1419]-[views_vue:community]-[ERROR]- 请求出错：<HttpResponse status_code=402, "text/html; charset=utf-8">
[2021-05-06 13:20:13,991]-[21164]-[views_vue.py:1419]-[views_vue:community]-[ERROR]- 请求出错：<HttpResponse status_code=402, "text/html; charset=utf-8">
[2021-05-06 13:20:13,995]-[21164]-[views_vue.py:1419]-[views_vue:community]-[ERROR]- 请求出错：<HttpResponse status_code=402, "text/html; charset=utf-8">
[2021-05-06 13:20:13,996]-[21164]-[views_vue.py:1419]-[views_vue:community]-[ERROR]- 请求出错：<HttpResponse status_code=402, "text/html; charset=utf-8">
[2021-05-06 13:20:14,000]-[21164]-[views_vue.py:1419]-[views_vue:community]-[ERROR]- 请求出错：<HttpResponse status_code=402, "text/html; charset=utf-8">
[2021-05-06 13:20:14,000]-[21164]-[views_vue.py:1419]-[views_vue:community]-[ERROR]- 请求出错：<HttpResponse status_code=402, "text/html; charset=utf-8">
[2021-05-06 13:20:14,008]-[21164]-[views_vue.py:1419]-[views_vue:community]-[ERROR]- 请求出错：<HttpResponse status_code=402, "text/html; charset=utf-8">
[2021-05-06 13:20:14,009]-[21164]-[views_vue.py:1419]-[views_vue:community]-[ERROR]- 请求出错：<HttpResponse status_code=402, "text/html; charset=utf-8">
[2021-05-06 13:23:06,140]-[21164]-[views_vue.py:1419]-[views_vue:community]-[ERROR]- 请求出错：<HttpResponse status_code=402, "text/html; charset=utf-8">
[2021-05-06 13:23:06,140]-[21164]-[views_vue.py:1419]-[views_vue:community]-[ERROR]- 请求出错：<HttpResponse status_code=402, "text/html; charset=utf-8">
[2021-05-06 13:23:06,150]-[21164]-[views_vue.py:1419]-[views_vue:community]-[ERROR]- 请求出错：<HttpResponse status_code=402, "text/html; charset=utf-8">
[2021-05-06 13:23:06,150]-[21164]-[views_vue.py:1419]-[views_vue:community]-[ERROR]- 请求出错：<HttpResponse status_code=402, "text/html; charset=utf-8">
[2021-05-06 13:23:06,158]-[21164]-[views_vue.py:1419]-[views_vue:community]-[ERROR]- 请求出错：<HttpResponse status_code=402, "text/html; charset=utf-8">
[2021-05-06 13:23:06,158]-[21164]-[views_vue.py:1419]-[views_vue:community]-[ERROR]- 请求出错：<HttpResponse status_code=402, "text/html; charset=utf-8">
[2021-05-06 13:23:06,165]-[21164]-[views_vue.py:1419]-[views_vue:community]-[ERROR]- 请求出错：<HttpResponse status_code=402, "text/html; charset=utf-8">
[2021-05-06 13:23:06,166]-[21164]-[views_vue.py:1419]-[views_vue:community]-[ERROR]- 请求出错：<HttpResponse status_code=402, "text/html; charset=utf-8">
[2021-05-06 13:24:19,113]-[21164]-[views_vue.py:1419]-[views_vue:community]-[ERROR]- 请求出错：<HttpResponse status_code=402, "text/html; charset=utf-8">
[2021-05-06 13:24:19,114]-[21164]-[views_vue.py:1419]-[views_vue:community]-[ERROR]- 请求出错：<HttpResponse status_code=402, "text/html; charset=utf-8">
[2021-05-06 13:24:54,317]-[20684]-[views_vue.py:1419]-[views_vue:community]-[ERROR]- 请求出错：<HttpResponse status_code=402, "text/html; charset=utf-8">
[2021-05-06 13:24:54,318]-[20684]-[views_vue.py:1419]-[views_vue:community]-[ERROR]- 请求出错：<HttpResponse status_code=402, "text/html; charset=utf-8">
[2021-05-06 13:26:15,117]-[20684]-[views_vue.py:1419]-[views_vue:community]-[ERROR]- 请求出错：<HttpResponse status_code=402, "text/html; charset=utf-8">
[2021-05-06 13:26:15,118]-[20684]-[views_vue.py:1419]-[views_vue:community]-[ERROR]- 请求出错：<HttpResponse status_code=402, "text/html; charset=utf-8">
[2021-05-06 13:28:59,507]-[20684]-[views_vue.py:1419]-[views_vue:community]-[ERROR]- 请求出错：<HttpResponse status_code=402, "text/html; charset=utf-8">
[2021-05-06 13:28:59,507]-[20684]-[views_vue.py:1419]-[views_vue:community]-[ERROR]- 请求出错：<HttpResponse status_code=402, "text/html; charset=utf-8">
[2021-05-06 13:29:41,187]-[20684]-[views_vue.py:1419]-[views_vue:community]-[ERROR]- 请求出错：<HttpResponse status_code=402, "text/html; charset=utf-8">
[2021-05-06 13:29:41,187]-[20684]-[views_vue.py:1419]-[views_vue:community]-[ERROR]- 请求出错：<HttpResponse status_code=402, "text/html; charset=utf-8">
[2021-05-06 13:29:41,192]-[20684]-[views_vue.py:1419]-[views_vue:community]-[ERROR]- 请求出错：<HttpResponse status_code=402, "text/html; charset=utf-8">
[2021-05-06 13:29:41,193]-[20684]-[views_vue.py:1419]-[views_vue:community]-[ERROR]- 请求出错：<HttpResponse status_code=402, "text/html; charset=utf-8">
[2021-05-06 13:29:41,197]-[20684]-[views_vue.py:1419]-[views_vue:community]-[ERROR]- 请求出错：<HttpResponse status_code=402, "text/html; charset=utf-8">
[2021-05-06 13:29:41,198]-[20684]-[views_vue.py:1419]-[views_vue:community]-[ERROR]- 请求出错：<HttpResponse status_code=402, "text/html; charset=utf-8">
[2021-05-06 13:29:41,205]-[20684]-[views_vue.py:1419]-[views_vue:community]-[ERROR]- 请求出错：<HttpResponse status_code=402, "text/html; charset=utf-8">
[2021-05-06 13:29:41,206]-[20684]-[views_vue.py:1419]-[views_vue:community]-[ERROR]- 请求出错：<HttpResponse status_code=402, "text/html; charset=utf-8">
[2021-05-06 13:30:05,820]-[20684]-[views_vue.py:1419]-[views_vue:community]-[ERROR]- 请求出错：<HttpResponse status_code=402, "text/html; charset=utf-8">
[2021-05-06 13:30:05,820]-[20684]-[views_vue.py:1419]-[views_vue:community]-[ERROR]- 请求出错：<HttpResponse status_code=402, "text/html; charset=utf-8">
[2021-05-06 13:30:05,825]-[20684]-[views_vue.py:1419]-[views_vue:community]-[ERROR]- 请求出错：<HttpResponse status_code=402, "text/html; charset=utf-8">
[2021-05-06 13:30:05,825]-[20684]-[views_vue.py:1419]-[views_vue:community]-[ERROR]- 请求出错：<HttpResponse status_code=402, "text/html; charset=utf-8">
[2021-05-06 13:30:05,831]-[20684]-[views_vue.py:1419]-[views_vue:community]-[ERROR]- 请求出错：<HttpResponse status_code=402, "text/html; charset=utf-8">
[2021-05-06 13:30:05,831]-[20684]-[views_vue.py:1419]-[views_vue:community]-[ERROR]- 请求出错：<HttpResponse status_code=402, "text/html; charset=utf-8">
[2021-05-06 13:30:05,836]-[20684]-[views_vue.py:1419]-[views_vue:community]-[ERROR]- 请求出错：<HttpResponse status_code=402, "text/html; charset=utf-8">
[2021-05-06 13:30:05,837]-[20684]-[views_vue.py:1419]-[views_vue:community]-[ERROR]- 请求出错：<HttpResponse status_code=402, "text/html; charset=utf-8">
[2021-05-06 13:30:22,990]-[20684]-[views_vue.py:1419]-[views_vue:community]-[ERROR]- 请求出错：<HttpResponse status_code=402, "text/html; charset=utf-8">
[2021-05-06 13:30:22,990]-[20684]-[views_vue.py:1419]-[views_vue:community]-[ERROR]- 请求出错：<HttpResponse status_code=402, "text/html; charset=utf-8">
[2021-05-06 13:30:22,995]-[20684]-[views_vue.py:1419]-[views_vue:community]-[ERROR]- 请求出错：<HttpResponse status_code=402, "text/html; charset=utf-8">
[2021-05-06 13:30:22,995]-[20684]-[views_vue.py:1419]-[views_vue:community]-[ERROR]- 请求出错：<HttpResponse status_code=402, "text/html; charset=utf-8">
[2021-05-06 13:30:23,000]-[20684]-[views_vue.py:1419]-[views_vue:community]-[ERROR]- 请求出错：<HttpResponse status_code=402, "text/html; charset=utf-8">
[2021-05-06 13:30:23,000]-[20684]-[views_vue.py:1419]-[views_vue:community]-[ERROR]- 请求出错：<HttpResponse status_code=402, "text/html; charset=utf-8">
[2021-05-06 13:30:23,006]-[20684]-[views_vue.py:1419]-[views_vue:community]-[ERROR]- 请求出错：<HttpResponse status_code=402, "text/html; charset=utf-8">
[2021-05-06 13:30:23,006]-[20684]-[views_vue.py:1419]-[views_vue:community]-[ERROR]- 请求出错：<HttpResponse status_code=402, "text/html; charset=utf-8">
[2021-05-06 13:31:28,581]-[20044]-[views_vue.py:1419]-[views_vue:community]-[ERROR]- 请求出错：<HttpResponse status_code=402, "text/html; charset=utf-8">
[2021-05-06 13:31:28,582]-[20044]-[views_vue.py:1419]-[views_vue:community]-[ERROR]- 请求出错：<HttpResponse status_code=402, "text/html; charset=utf-8">
[2021-05-06 13:31:28,586]-[20044]-[views_vue.py:1419]-[views_vue:community]-[ERROR]- 请求出错：<HttpResponse status_code=402, "text/html; charset=utf-8">
[2021-05-06 13:31:28,587]-[20044]-[views_vue.py:1419]-[views_vue:community]-[ERROR]- 请求出错：<HttpResponse status_code=402, "text/html; charset=utf-8">
[2021-05-06 13:31:28,591]-[20044]-[views_vue.py:1419]-[views_vue:community]-[ERROR]- 请求出错：<HttpResponse status_code=402, "text/html; charset=utf-8">
[2021-05-06 13:31:28,592]-[20044]-[views_vue.py:1419]-[views_vue:community]-[ERROR]- 请求出错：<HttpResponse status_code=402, "text/html; charset=utf-8">
[2021-05-06 13:31:28,597]-[20044]-[views_vue.py:1419]-[views_vue:community]-[ERROR]- 请求出错：<HttpResponse status_code=402, "text/html; charset=utf-8">
[2021-05-06 13:31:28,597]-[20044]-[views_vue.py:1419]-[views_vue:community]-[ERROR]- 请求出错：<HttpResponse status_code=402, "text/html; charset=utf-8">
[2021-05-06 13:32:01,383]-[22120]-[views_vue.py:1717]-[views_vue:HttpReport]-[ERROR]- 错误信息：Reports/runner/zxc.html
[2021-05-06 13:32:02,210]-[22120]-[views_vue.py:1717]-[views_vue:HttpReport]-[ERROR]- 错误信息：Reports/runner/debug.html
[2021-05-06 13:32:04,173]-[22120]-[views_vue.py:1419]-[views_vue:community]-[ERROR]- 请求出错：<HttpResponse status_code=402, "text/html; charset=utf-8">
[2021-05-06 13:32:04,174]-[22120]-[views_vue.py:1419]-[views_vue:community]-[ERROR]- 请求出错：<HttpResponse status_code=402, "text/html; charset=utf-8">
[2021-05-06 13:32:10,289]-[22120]-[views_vue.py:1419]-[views_vue:community]-[ERROR]- 请求出错：<HttpResponse status_code=402, "text/html; charset=utf-8">
[2021-05-06 13:32:10,289]-[22120]-[views_vue.py:1419]-[views_vue:community]-[ERROR]- 请求出错：<HttpResponse status_code=402, "text/html; charset=utf-8">
[2021-05-06 13:32:10,294]-[22120]-[views_vue.py:1419]-[views_vue:community]-[ERROR]- 请求出错：<HttpResponse status_code=402, "text/html; charset=utf-8">
[2021-05-06 13:32:10,294]-[22120]-[views_vue.py:1419]-[views_vue:community]-[ERROR]- 请求出错：<HttpResponse status_code=402, "text/html; charset=utf-8">
[2021-05-06 13:32:10,299]-[22120]-[views_vue.py:1419]-[views_vue:community]-[ERROR]- 请求出错：<HttpResponse status_code=402, "text/html; charset=utf-8">
[2021-05-06 13:32:10,300]-[22120]-[views_vue.py:1419]-[views_vue:community]-[ERROR]- 请求出错：<HttpResponse status_code=402, "text/html; charset=utf-8">
[2021-05-06 13:32:10,304]-[22120]-[views_vue.py:1419]-[views_vue:community]-[ERROR]- 请求出错：<HttpResponse status_code=402, "text/html; charset=utf-8">
[2021-05-06 13:32:10,305]-[22120]-[views_vue.py:1419]-[views_vue:community]-[ERROR]- 请求出错：<HttpResponse status_code=402, "text/html; charset=utf-8">
[2021-05-06 13:34:15,779]-[22120]-[views_vue.py:1717]-[views_vue:HttpReport]-[ERROR]- 错误信息：Reports/runner/zxc.html
[2021-05-06 13:34:16,615]-[22120]-[views_vue.py:1717]-[views_vue:HttpReport]-[ERROR]- 错误信息：Reports/runner/debug.html
[2021-05-06 13:38:56,184]-[22120]-[views_vue.py:1419]-[views_vue:community]-[ERROR]- 请求出错：<HttpResponse status_code=402, "text/html; charset=utf-8">
[2021-05-06 13:38:56,184]-[22120]-[views_vue.py:1419]-[views_vue:community]-[ERROR]- 请求出错：<HttpResponse status_code=402, "text/html; charset=utf-8">
[2021-05-06 13:39:14,574]-[22120]-[views_vue.py:1419]-[views_vue:community]-[ERROR]- 请求出错：<HttpResponse status_code=402, "text/html; charset=utf-8">
[2021-05-06 13:39:14,575]-[22120]-[views_vue.py:1419]-[views_vue:community]-[ERROR]- 请求出错：<HttpResponse status_code=402, "text/html; charset=utf-8">
[2021-05-06 13:39:14,585]-[22120]-[views_vue.py:1419]-[views_vue:community]-[ERROR]- 请求出错：<HttpResponse status_code=402, "text/html; charset=utf-8">
[2021-05-06 13:39:14,586]-[22120]-[views_vue.py:1419]-[views_vue:community]-[ERROR]- 请求出错：<HttpResponse status_code=402, "text/html; charset=utf-8">
[2021-05-06 13:39:14,594]-[22120]-[views_vue.py:1419]-[views_vue:community]-[ERROR]- 请求出错：<HttpResponse status_code=402, "text/html; charset=utf-8">
[2021-05-06 13:39:14,595]-[22120]-[views_vue.py:1419]-[views_vue:community]-[ERROR]- 请求出错：<HttpResponse status_code=402, "text/html; charset=utf-8">
[2021-05-06 13:39:14,619]-[22120]-[views_vue.py:1419]-[views_vue:community]-[ERROR]- 请求出错：<HttpResponse status_code=402, "text/html; charset=utf-8">
[2021-05-06 13:39:14,620]-[22120]-[views_vue.py:1419]-[views_vue:community]-[ERROR]- 请求出错：<HttpResponse status_code=402, "text/html; charset=utf-8">
[2021-05-06 16:04:59,004]-[3144]-[views_vue.py:1419]-[views_vue:community]-[ERROR]- 请求出错：<HttpResponse status_code=402, "text/html; charset=utf-8">
[2021-05-06 16:04:59,005]-[3144]-[views_vue.py:1419]-[views_vue:community]-[ERROR]- 请求出错：<HttpResponse status_code=402, "text/html; charset=utf-8">
[2021-05-06 16:26:32,440]-[3144]-[views_vue.py:1412]-[views_vue:community]-[ERROR]- 请求出错：'utf-8' codec can't decode byte 0x9d in position 3: invalid start byte
[2021-05-06 16:26:32,440]-[3144]-[views_vue.py:1412]-[views_vue:community]-[ERROR]- 请求出错：'utf-8' codec can't decode byte 0x9d in position 3: invalid start byte
[2021-05-06 17:11:59,297]-[13212]-[views_selenium.py:51]-[views_selenium:community]-[ERROR]- 请求出错：<HttpResponse status_code=402, "text/html; charset=utf-8">
[2021-05-06 17:11:59,297]-[13212]-[views_selenium.py:51]-[views_selenium:community]-[ERROR]- 请求出错：<HttpResponse status_code=402, "text/html; charset=utf-8">
[2021-05-06 19:17:45,227]-[11136]-[views_vue.py:1419]-[views_vue:community]-[ERROR]- 请求出错：<HttpResponse status_code=402, "text/html; charset=utf-8">
[2021-05-06 19:17:45,228]-[11136]-[views_vue.py:1419]-[views_vue:community]-[ERROR]- 请求出错：<HttpResponse status_code=402, "text/html; charset=utf-8">
