[2021-04-30 09:24:12,300]-[25476]-[views_vue.py:1393]-[views_vue:community]-[ERROR]- 请求出错：<HttpResponse status_code=402, "text/html; charset=utf-8">
[2021-04-30 09:24:12,301]-[25476]-[views_vue.py:1393]-[views_vue:community]-[ERROR]- 请求出错：<HttpResponse status_code=402, "text/html; charset=utf-8">
[2021-04-30 11:01:16,122]-[22776]-[views_vue.py:1398]-[views_vue:community]-[ERROR]- 请求出错：<HttpResponse status_code=401, "text/html; charset=utf-8">
[2021-04-30 11:01:16,123]-[22776]-[views_vue.py:1398]-[views_vue:community]-[ERROR]- 请求出错：<HttpResponse status_code=401, "text/html; charset=utf-8">
[2021-04-30 11:05:27,328]-[22776]-[views_vue.py:1398]-[views_vue:community]-[ERROR]- 请求出错：<HttpResponse status_code=401, "text/html; charset=utf-8">
[2021-04-30 11:05:27,329]-[22776]-[views_vue.py:1398]-[views_vue:community]-[ERROR]- 请求出错：<HttpResponse status_code=401, "text/html; charset=utf-8">
[2021-04-30 11:06:43,958]-[22776]-[views_vue.py:1393]-[views_vue:community]-[ERROR]- 请求出错：<HttpResponse status_code=402, "text/html; charset=utf-8">
[2021-04-30 11:06:43,959]-[22776]-[views_vue.py:1393]-[views_vue:community]-[ERROR]- 请求出错：<HttpResponse status_code=402, "text/html; charset=utf-8">
[2021-04-30 11:08:24,478]-[22776]-[views_vue.py:1387]-[views_vue:community]-[ERROR]- 请求出错：Invalid base64-encoded string: number of data characters (9) cannot be 1 more than a multiple of 4
[2021-04-30 11:08:24,478]-[22776]-[views_vue.py:1387]-[views_vue:community]-[ERROR]- 请求出错：Invalid base64-encoded string: number of data characters (9) cannot be 1 more than a multiple of 4
[2021-04-30 11:10:48,983]-[32776]-[views_vue.py:1387]-[views_vue:community]-[ERROR]- 请求出错：Invalid base64-encoded string: number of data characters (9) cannot be 1 more than a multiple of 4
[2021-04-30 11:10:48,984]-[32776]-[views_vue.py:1387]-[views_vue:community]-[ERROR]- 请求出错：Invalid base64-encoded string: number of data characters (9) cannot be 1 more than a multiple of 4
[2021-04-30 13:38:13,032]-[11788]-[views_vue.py:1394]-[views_vue:community]-[ERROR]- 请求出错：<HttpResponse status_code=402, "text/html; charset=utf-8">
[2021-04-30 13:38:13,033]-[11788]-[views_vue.py:1394]-[views_vue:community]-[ERROR]- 请求出错：<HttpResponse status_code=402, "text/html; charset=utf-8">
[2021-04-30 13:38:13,039]-[11788]-[views_vue.py:1394]-[views_vue:community]-[ERROR]- 请求出错：<HttpResponse status_code=402, "text/html; charset=utf-8">
[2021-04-30 13:38:13,039]-[11788]-[views_vue.py:1394]-[views_vue:community]-[ERROR]- 请求出错：<HttpResponse status_code=402, "text/html; charset=utf-8">
[2021-04-30 13:38:13,045]-[11788]-[views_vue.py:1394]-[views_vue:community]-[ERROR]- 请求出错：<HttpResponse status_code=402, "text/html; charset=utf-8">
[2021-04-30 13:38:13,045]-[11788]-[views_vue.py:1394]-[views_vue:community]-[ERROR]- 请求出错：<HttpResponse status_code=402, "text/html; charset=utf-8">
[2021-04-30 13:38:13,052]-[11788]-[views_vue.py:1394]-[views_vue:community]-[ERROR]- 请求出错：<HttpResponse status_code=402, "text/html; charset=utf-8">
[2021-04-30 13:38:13,052]-[11788]-[views_vue.py:1394]-[views_vue:community]-[ERROR]- 请求出错：<HttpResponse status_code=402, "text/html; charset=utf-8">
[2021-04-30 13:40:39,176]-[11788]-[views_vue.py:1394]-[views_vue:community]-[ERROR]- 请求出错：<HttpResponse status_code=402, "text/html; charset=utf-8">
[2021-04-30 13:40:39,177]-[11788]-[views_vue.py:1394]-[views_vue:community]-[ERROR]- 请求出错：<HttpResponse status_code=402, "text/html; charset=utf-8">
[2021-04-30 13:40:39,182]-[11788]-[views_vue.py:1394]-[views_vue:community]-[ERROR]- 请求出错：<HttpResponse status_code=402, "text/html; charset=utf-8">
[2021-04-30 13:40:39,182]-[11788]-[views_vue.py:1394]-[views_vue:community]-[ERROR]- 请求出错：<HttpResponse status_code=402, "text/html; charset=utf-8">
[2021-04-30 13:40:39,187]-[11788]-[views_vue.py:1394]-[views_vue:community]-[ERROR]- 请求出错：<HttpResponse status_code=402, "text/html; charset=utf-8">
[2021-04-30 13:40:39,188]-[11788]-[views_vue.py:1394]-[views_vue:community]-[ERROR]- 请求出错：<HttpResponse status_code=402, "text/html; charset=utf-8">
[2021-04-30 13:40:39,194]-[11788]-[views_vue.py:1394]-[views_vue:community]-[ERROR]- 请求出错：<HttpResponse status_code=402, "text/html; charset=utf-8">
[2021-04-30 13:40:39,194]-[11788]-[views_vue.py:1394]-[views_vue:community]-[ERROR]- 请求出错：<HttpResponse status_code=402, "text/html; charset=utf-8">
[2021-04-30 13:46:32,153]-[11788]-[views_vue.py:1394]-[views_vue:community]-[ERROR]- 请求出错：<HttpResponse status_code=402, "text/html; charset=utf-8">
[2021-04-30 13:46:32,154]-[11788]-[views_vue.py:1394]-[views_vue:community]-[ERROR]- 请求出错：<HttpResponse status_code=402, "text/html; charset=utf-8">
[2021-04-30 13:46:32,159]-[11788]-[views_vue.py:1394]-[views_vue:community]-[ERROR]- 请求出错：<HttpResponse status_code=402, "text/html; charset=utf-8">
[2021-04-30 13:46:32,159]-[11788]-[views_vue.py:1394]-[views_vue:community]-[ERROR]- 请求出错：<HttpResponse status_code=402, "text/html; charset=utf-8">
[2021-04-30 13:46:32,164]-[11788]-[views_vue.py:1394]-[views_vue:community]-[ERROR]- 请求出错：<HttpResponse status_code=402, "text/html; charset=utf-8">
[2021-04-30 13:46:32,165]-[11788]-[views_vue.py:1394]-[views_vue:community]-[ERROR]- 请求出错：<HttpResponse status_code=402, "text/html; charset=utf-8">
[2021-04-30 13:46:32,175]-[11788]-[views_vue.py:1394]-[views_vue:community]-[ERROR]- 请求出错：<HttpResponse status_code=402, "text/html; charset=utf-8">
[2021-04-30 13:46:32,175]-[11788]-[views_vue.py:1394]-[views_vue:community]-[ERROR]- 请求出错：<HttpResponse status_code=402, "text/html; charset=utf-8">
[2021-04-30 13:48:50,961]-[11788]-[views_vue.py:1394]-[views_vue:community]-[ERROR]- 请求出错：<HttpResponse status_code=402, "text/html; charset=utf-8">
[2021-04-30 13:48:50,961]-[11788]-[views_vue.py:1394]-[views_vue:community]-[ERROR]- 请求出错：<HttpResponse status_code=402, "text/html; charset=utf-8">
[2021-04-30 13:48:50,967]-[11788]-[views_vue.py:1394]-[views_vue:community]-[ERROR]- 请求出错：<HttpResponse status_code=402, "text/html; charset=utf-8">
[2021-04-30 13:48:50,967]-[11788]-[views_vue.py:1394]-[views_vue:community]-[ERROR]- 请求出错：<HttpResponse status_code=402, "text/html; charset=utf-8">
[2021-04-30 13:48:50,972]-[11788]-[views_vue.py:1394]-[views_vue:community]-[ERROR]- 请求出错：<HttpResponse status_code=402, "text/html; charset=utf-8">
[2021-04-30 13:48:50,972]-[11788]-[views_vue.py:1394]-[views_vue:community]-[ERROR]- 请求出错：<HttpResponse status_code=402, "text/html; charset=utf-8">
[2021-04-30 13:48:50,983]-[11788]-[views_vue.py:1394]-[views_vue:community]-[ERROR]- 请求出错：<HttpResponse status_code=402, "text/html; charset=utf-8">
[2021-04-30 13:48:50,983]-[11788]-[views_vue.py:1394]-[views_vue:community]-[ERROR]- 请求出错：<HttpResponse status_code=402, "text/html; charset=utf-8">
[2021-04-30 13:50:12,044]-[11788]-[views_vue.py:1394]-[views_vue:community]-[ERROR]- 请求出错：<HttpResponse status_code=402, "text/html; charset=utf-8">
[2021-04-30 13:50:12,044]-[11788]-[views_vue.py:1394]-[views_vue:community]-[ERROR]- 请求出错：<HttpResponse status_code=402, "text/html; charset=utf-8">
[2021-04-30 13:50:12,049]-[11788]-[views_vue.py:1394]-[views_vue:community]-[ERROR]- 请求出错：<HttpResponse status_code=402, "text/html; charset=utf-8">
[2021-04-30 13:50:12,050]-[11788]-[views_vue.py:1394]-[views_vue:community]-[ERROR]- 请求出错：<HttpResponse status_code=402, "text/html; charset=utf-8">
[2021-04-30 13:50:12,055]-[11788]-[views_vue.py:1394]-[views_vue:community]-[ERROR]- 请求出错：<HttpResponse status_code=402, "text/html; charset=utf-8">
[2021-04-30 13:50:12,056]-[11788]-[views_vue.py:1394]-[views_vue:community]-[ERROR]- 请求出错：<HttpResponse status_code=402, "text/html; charset=utf-8">
[2021-04-30 13:50:12,065]-[11788]-[views_vue.py:1394]-[views_vue:community]-[ERROR]- 请求出错：<HttpResponse status_code=402, "text/html; charset=utf-8">
[2021-04-30 13:50:12,065]-[11788]-[views_vue.py:1394]-[views_vue:community]-[ERROR]- 请求出错：<HttpResponse status_code=402, "text/html; charset=utf-8">
[2021-04-30 13:57:32,579]-[11788]-[views_vue.py:1394]-[views_vue:community]-[ERROR]- 请求出错：<HttpResponse status_code=402, "text/html; charset=utf-8">
[2021-04-30 13:57:32,580]-[11788]-[views_vue.py:1394]-[views_vue:community]-[ERROR]- 请求出错：<HttpResponse status_code=402, "text/html; charset=utf-8">
[2021-04-30 13:57:32,585]-[11788]-[views_vue.py:1394]-[views_vue:community]-[ERROR]- 请求出错：<HttpResponse status_code=402, "text/html; charset=utf-8">
[2021-04-30 13:57:32,585]-[11788]-[views_vue.py:1394]-[views_vue:community]-[ERROR]- 请求出错：<HttpResponse status_code=402, "text/html; charset=utf-8">
[2021-04-30 13:57:32,589]-[11788]-[views_vue.py:1394]-[views_vue:community]-[ERROR]- 请求出错：<HttpResponse status_code=402, "text/html; charset=utf-8">
[2021-04-30 13:57:32,590]-[11788]-[views_vue.py:1394]-[views_vue:community]-[ERROR]- 请求出错：<HttpResponse status_code=402, "text/html; charset=utf-8">
[2021-04-30 13:57:32,599]-[11788]-[views_vue.py:1394]-[views_vue:community]-[ERROR]- 请求出错：<HttpResponse status_code=402, "text/html; charset=utf-8">
[2021-04-30 13:57:32,600]-[11788]-[views_vue.py:1394]-[views_vue:community]-[ERROR]- 请求出错：<HttpResponse status_code=402, "text/html; charset=utf-8">
[2021-04-30 14:36:45,254]-[6236]-[views_vue.py:1394]-[views_vue:community]-[ERROR]- 请求出错：<HttpResponse status_code=402, "text/html; charset=utf-8">
[2021-04-30 14:36:45,264]-[6236]-[views_vue.py:1394]-[views_vue:community]-[ERROR]- 请求出错：<HttpResponse status_code=402, "text/html; charset=utf-8">
[2021-04-30 14:36:45,264]-[6236]-[views_vue.py:1394]-[views_vue:community]-[ERROR]- 请求出错：<HttpResponse status_code=402, "text/html; charset=utf-8">
[2021-04-30 14:36:45,264]-[6236]-[views_vue.py:1394]-[views_vue:community]-[ERROR]- 请求出错：<HttpResponse status_code=402, "text/html; charset=utf-8">
[2021-04-30 14:36:45,274]-[6236]-[views_vue.py:1394]-[views_vue:community]-[ERROR]- 请求出错：<HttpResponse status_code=402, "text/html; charset=utf-8">
[2021-04-30 14:36:45,274]-[6236]-[views_vue.py:1394]-[views_vue:community]-[ERROR]- 请求出错：<HttpResponse status_code=402, "text/html; charset=utf-8">
[2021-04-30 14:36:45,284]-[6236]-[views_vue.py:1394]-[views_vue:community]-[ERROR]- 请求出错：<HttpResponse status_code=402, "text/html; charset=utf-8">
[2021-04-30 14:36:45,284]-[6236]-[views_vue.py:1394]-[views_vue:community]-[ERROR]- 请求出错：<HttpResponse status_code=402, "text/html; charset=utf-8">
[2021-04-30 14:37:17,503]-[6236]-[views_vue.py:1394]-[views_vue:community]-[ERROR]- 请求出错：<HttpResponse status_code=402, "text/html; charset=utf-8">
[2021-04-30 14:37:17,504]-[6236]-[views_vue.py:1394]-[views_vue:community]-[ERROR]- 请求出错：<HttpResponse status_code=402, "text/html; charset=utf-8">
[2021-04-30 14:40:03,569]-[6236]-[views_vue.py:1394]-[views_vue:community]-[ERROR]- 请求出错：<HttpResponse status_code=402, "text/html; charset=utf-8">
[2021-04-30 14:40:03,569]-[6236]-[views_vue.py:1394]-[views_vue:community]-[ERROR]- 请求出错：<HttpResponse status_code=402, "text/html; charset=utf-8">
[2021-04-30 14:40:03,569]-[6236]-[views_vue.py:1394]-[views_vue:community]-[ERROR]- 请求出错：<HttpResponse status_code=402, "text/html; charset=utf-8">
[2021-04-30 14:40:03,569]-[6236]-[views_vue.py:1394]-[views_vue:community]-[ERROR]- 请求出错：<HttpResponse status_code=402, "text/html; charset=utf-8">
[2021-04-30 14:40:03,569]-[6236]-[views_vue.py:1394]-[views_vue:community]-[ERROR]- 请求出错：<HttpResponse status_code=402, "text/html; charset=utf-8">
[2021-04-30 14:40:03,569]-[6236]-[views_vue.py:1394]-[views_vue:community]-[ERROR]- 请求出错：<HttpResponse status_code=402, "text/html; charset=utf-8">
[2021-04-30 14:40:03,579]-[6236]-[views_vue.py:1394]-[views_vue:community]-[ERROR]- 请求出错：<HttpResponse status_code=402, "text/html; charset=utf-8">
[2021-04-30 14:40:03,579]-[6236]-[views_vue.py:1394]-[views_vue:community]-[ERROR]- 请求出错：<HttpResponse status_code=402, "text/html; charset=utf-8">
[2021-04-30 14:41:01,434]-[6236]-[views_vue.py:1394]-[views_vue:community]-[ERROR]- 请求出错：<HttpResponse status_code=402, "text/html; charset=utf-8">
[2021-04-30 14:41:01,434]-[6236]-[views_vue.py:1394]-[views_vue:community]-[ERROR]- 请求出错：<HttpResponse status_code=402, "text/html; charset=utf-8">
[2021-04-30 14:41:01,438]-[6236]-[views_vue.py:1394]-[views_vue:community]-[ERROR]- 请求出错：<HttpResponse status_code=402, "text/html; charset=utf-8">
[2021-04-30 14:41:01,438]-[6236]-[views_vue.py:1394]-[views_vue:community]-[ERROR]- 请求出错：<HttpResponse status_code=402, "text/html; charset=utf-8">
[2021-04-30 14:41:47,234]-[6236]-[views_vue.py:1394]-[views_vue:community]-[ERROR]- 请求出错：<HttpResponse status_code=402, "text/html; charset=utf-8">
[2021-04-30 14:41:47,234]-[6236]-[views_vue.py:1394]-[views_vue:community]-[ERROR]- 请求出错：<HttpResponse status_code=402, "text/html; charset=utf-8">
[2021-04-30 14:41:47,239]-[6236]-[views_vue.py:1394]-[views_vue:community]-[ERROR]- 请求出错：<HttpResponse status_code=402, "text/html; charset=utf-8">
[2021-04-30 14:41:47,240]-[6236]-[views_vue.py:1394]-[views_vue:community]-[ERROR]- 请求出错：<HttpResponse status_code=402, "text/html; charset=utf-8">
[2021-04-30 14:41:47,244]-[6236]-[views_vue.py:1394]-[views_vue:community]-[ERROR]- 请求出错：<HttpResponse status_code=402, "text/html; charset=utf-8">
[2021-04-30 14:41:47,244]-[6236]-[views_vue.py:1394]-[views_vue:community]-[ERROR]- 请求出错：<HttpResponse status_code=402, "text/html; charset=utf-8">
[2021-04-30 14:42:22,122]-[6236]-[views_vue.py:1394]-[views_vue:community]-[ERROR]- 请求出错：<HttpResponse status_code=402, "text/html; charset=utf-8">
[2021-04-30 14:42:22,122]-[6236]-[views_vue.py:1394]-[views_vue:community]-[ERROR]- 请求出错：<HttpResponse status_code=402, "text/html; charset=utf-8">
[2021-04-30 14:42:22,122]-[6236]-[views_vue.py:1394]-[views_vue:community]-[ERROR]- 请求出错：<HttpResponse status_code=402, "text/html; charset=utf-8">
[2021-04-30 14:42:22,122]-[6236]-[views_vue.py:1394]-[views_vue:community]-[ERROR]- 请求出错：<HttpResponse status_code=402, "text/html; charset=utf-8">
[2021-04-30 14:42:22,122]-[6236]-[views_vue.py:1394]-[views_vue:community]-[ERROR]- 请求出错：<HttpResponse status_code=402, "text/html; charset=utf-8">
[2021-04-30 14:42:22,122]-[6236]-[views_vue.py:1394]-[views_vue:community]-[ERROR]- 请求出错：<HttpResponse status_code=402, "text/html; charset=utf-8">
[2021-04-30 14:43:32,398]-[6236]-[views_vue.py:1394]-[views_vue:community]-[ERROR]- 请求出错：<HttpResponse status_code=402, "text/html; charset=utf-8">
[2021-04-30 14:43:32,398]-[6236]-[views_vue.py:1394]-[views_vue:community]-[ERROR]- 请求出错：<HttpResponse status_code=402, "text/html; charset=utf-8">
[2021-04-30 14:43:32,398]-[6236]-[views_vue.py:1394]-[views_vue:community]-[ERROR]- 请求出错：<HttpResponse status_code=402, "text/html; charset=utf-8">
[2021-04-30 14:43:32,398]-[6236]-[views_vue.py:1394]-[views_vue:community]-[ERROR]- 请求出错：<HttpResponse status_code=402, "text/html; charset=utf-8">
[2021-04-30 14:43:32,408]-[6236]-[views_vue.py:1394]-[views_vue:community]-[ERROR]- 请求出错：<HttpResponse status_code=402, "text/html; charset=utf-8">
[2021-04-30 14:43:32,408]-[6236]-[views_vue.py:1394]-[views_vue:community]-[ERROR]- 请求出错：<HttpResponse status_code=402, "text/html; charset=utf-8">
[2021-04-30 14:44:15,121]-[6236]-[views_vue.py:1394]-[views_vue:community]-[ERROR]- 请求出错：<HttpResponse status_code=402, "text/html; charset=utf-8">
[2021-04-30 14:44:15,121]-[6236]-[views_vue.py:1394]-[views_vue:community]-[ERROR]- 请求出错：<HttpResponse status_code=402, "text/html; charset=utf-8">
[2021-04-30 14:44:15,121]-[6236]-[views_vue.py:1394]-[views_vue:community]-[ERROR]- 请求出错：<HttpResponse status_code=402, "text/html; charset=utf-8">
[2021-04-30 14:44:15,121]-[6236]-[views_vue.py:1394]-[views_vue:community]-[ERROR]- 请求出错：<HttpResponse status_code=402, "text/html; charset=utf-8">
[2021-04-30 14:44:15,131]-[6236]-[views_vue.py:1394]-[views_vue:community]-[ERROR]- 请求出错：<HttpResponse status_code=402, "text/html; charset=utf-8">
[2021-04-30 14:44:15,131]-[6236]-[views_vue.py:1394]-[views_vue:community]-[ERROR]- 请求出错：<HttpResponse status_code=402, "text/html; charset=utf-8">
[2021-04-30 15:19:53,840]-[11776]-[views_vue.py:1391]-[views_vue:Runner]-[ERROR]- 错误信息：'function' object has no attribute 'objects'
[2021-04-30 15:20:53,724]-[18884]-[views_vue.py:1391]-[views_vue:Runner]-[ERROR]- 错误信息：'function' object has no attribute 'object'
[2021-04-30 15:22:53,987]-[19348]-[views_vue.py:1391]-[views_vue:Runner]-[ERROR]- 错误信息：'function' object has no attribute 'objects'
[2021-04-30 15:25:27,965]-[8812]-[views_vue.py:1391]-[views_vue:Runner]-[ERROR]- 错误信息：'function' object has no attribute 'objects'
[2021-04-30 15:26:17,206]-[6876]-[views_vue.py:1391]-[views_vue:Runner]-[ERROR]- 错误信息：'function' object has no attribute 'objects'
[2021-04-30 16:11:30,326]-[18908]-[views_vue.py:1611]-[views_vue:RunnerSee]-[ERROR]- 错误信息：'is_gunzip'
[2021-04-30 16:11:41,743]-[18908]-[views_vue.py:1611]-[views_vue:RunnerSee]-[ERROR]- 错误信息：'is_gunzip'
[2021-04-30 16:11:45,624]-[18908]-[views_vue.py:1611]-[views_vue:RunnerSee]-[ERROR]- 错误信息：'is_gunzip'
[2021-04-30 16:25:22,938]-[6440]-[views_vue.py:1394]-[views_vue:Runner]-[ERROR]- 错误信息：'str' object has no attribute 'replce'
[2021-04-30 16:26:26,168]-[9556]-[views_vue.py:1394]-[views_vue:Runner]-[ERROR]- 错误信息：replace expected at least 2 arguments, got 1
[2021-04-30 16:37:58,945]-[18704]-[views_vue.py:1421]-[views_vue:community]-[ERROR]- 请求出错：<HttpResponse status_code=402, "text/html; charset=utf-8">
[2021-04-30 16:37:58,946]-[18704]-[views_vue.py:1421]-[views_vue:community]-[ERROR]- 请求出错：<HttpResponse status_code=402, "text/html; charset=utf-8">
[2021-04-30 17:03:58,895]-[12980]-[views_vue.py:1661]-[views_vue:IsJSon]-[ERROR]- 错误信息：'is_json'
[2021-04-30 17:04:17,745]-[12980]-[views_vue.py:1661]-[views_vue:IsJSon]-[ERROR]- 错误信息：'is_json'
[2021-04-30 17:04:20,027]-[12980]-[views_vue.py:1661]-[views_vue:IsJSon]-[ERROR]- 错误信息：'is_json'
[2021-04-30 17:04:35,907]-[12980]-[views_vue.py:1661]-[views_vue:IsJSon]-[ERROR]- 错误信息：'is_json'
[2021-04-30 17:05:07,596]-[12980]-[views_vue.py:1661]-[views_vue:IsJSon]-[ERROR]- 错误信息：'is_json'
[2021-04-30 17:05:38,475]-[12980]-[views_vue.py:1661]-[views_vue:IsJSon]-[ERROR]- 错误信息：Field 'is_json' expected a number but got '[object Undefined]'.
[2021-04-30 17:06:16,632]-[12980]-[views_vue.py:1661]-[views_vue:IsJSon]-[ERROR]- 错误信息：'is_json'
[2021-04-30 17:06:42,494]-[12980]-[views_vue.py:1661]-[views_vue:IsJSon]-[ERROR]- 错误信息：'is_json'
[2021-04-30 17:09:50,423]-[19464]-[views_vue.py:1640]-[views_vue:Uncompress]-[ERROR]- 错误信息：'QuerySet' object has no attribute 'is_json'
[2021-04-30 17:10:08,435]-[20184]-[views_vue.py:1640]-[views_vue:Uncompress]-[ERROR]- 错误信息：'dict' object has no attribute 'is_json'
