[2021-04-28 11:37:21,688] [views_vue.py:1322] [views_vue:community] [ERROR]- 请求出错：<HttpResponse status_code=402, "text/html; charset=utf-8">
[2021-04-28 11:37:21,689] [views_vue.py:1322] [views_vue:community] [ERROR]- 请求出错：<HttpResponse status_code=402, "text/html; charset=utf-8">
[2021-04-28 11:46:47,132] [views_vue.py:1372] [views_vue:community] [ERROR]- 请求出错：<HttpResponse status_code=401, "text/html; charset=utf-8">
[2021-04-28 11:46:47,133] [views_vue.py:1372] [views_vue:community] [ERROR]- 请求出错：<HttpResponse status_code=401, "text/html; charset=utf-8">
[2021-04-28 11:47:37,831] [views_vue.py:1372] [views_vue:community] [ERROR]- 请求出错：<HttpResponse status_code=401, "text/html; charset=utf-8">
[2021-04-28 11:47:37,833] [views_vue.py:1372] [views_vue:community] [ERROR]- 请求出错：<HttpResponse status_code=401, "text/html; charset=utf-8">
[2021-04-28 11:47:37,845] [views_vue.py:1372] [views_vue:community] [ERROR]- 请求出错：<HttpResponse status_code=401, "text/html; charset=utf-8">
[2021-04-28 11:47:37,846] [views_vue.py:1372] [views_vue:community] [ERROR]- 请求出错：<HttpResponse status_code=401, "text/html; charset=utf-8">
[2021-04-28 13:57:58,393] [views_vue.py:1379] [views_vue:community] [ERROR]- 请求出错：<HttpResponse status_code=402, "text/html; charset=utf-8">
[2021-04-28 13:57:58,394] [views_vue.py:1379] [views_vue:community] [ERROR]- 请求出错：<HttpResponse status_code=402, "text/html; charset=utf-8">
[2021-04-28 14:40:13,255] [views_vue.py:50] [views_vue:userInfo] [ERROR]- 登录用户：ddddddddddddddddddddddddddd
[2021-04-28 14:43:01,052] [views_vue.py:50] [views_vue:userInfo] [ERROR]- 登录用户：ddddddddddddddddddddddddddd
[2021-04-28 14:52:21,153] [views_vue.py:50] [views_vue:userInfo] [ERROR]- 登录用户：ddddddddddddddddddddddddddd
[2021-04-28 14:53:02,990] [views_vue.py:50] [views_vue:userInfo] [ERROR]- 登录用户：ddddddddddddddddddddddddddd
[2021-04-28 14:53:29,962] [views_vue.py:50] [views_vue:userInfo] [ERROR]- 登录用户：ddddddddddddddddddddddddddd
[2021-04-28 15:01:46,280] [views_vue.py:50] [views_vue:userInfo] [ERROR]- 登录用户：ddddddddddddddddddddddddddd
[2021-04-28 15:02:13,330]-[views_vue.py:50]-[views_vue:userInfo]-[ERROR]- 登录用户：ddddddddddddddddddddddddddd
[2021-04-28 15:03:24,502]-[views_vue.py:50]-[views_vue:userInfo]-[ERROR]- 登录用户：ddddddddddddddddddddddddddd
[2021-04-28 15:03:47,684]-[views_vue.py:50]-[views_vue:userInfo]-[ERROR]- 登录用户：ddddddddddddddddddddddddddd
[2021-04-28 15:08:39,487]-[18240]-[views_vue.py:50]-[views_vue:userInfo]-[ERROR]- 登录用户：ddddddddddddddddddddddddddd
[2021-04-28 16:08:16,439]-[12360]-[views_vue.py:50]-[views_vue:userInfo]-[ERROR]- 登录用户：ddddddddddddddddddddddddddd
[2021-04-28 16:10:31,099]-[12360]-[views_vue.py:50]-[views_vue:userInfo]-[ERROR]- 登录用户：ddddddddddddddddddddddddddd
[2021-04-28 16:10:49,974]-[12360]-[views_vue.py:50]-[views_vue:userInfo]-[ERROR]- 登录用户：ddddddddddddddddddddddddddd
[2021-04-28 16:17:01,880]-[12360]-[views_vue.py:50]-[views_vue:userInfo]-[ERROR]- 登录用户：ddddddddddddddddddddddddddd
[2021-04-28 16:24:24,466]-[12360]-[views_vue.py:50]-[views_vue:userInfo]-[ERROR]- 登录用户：ddddddddddddddddddddddddddd
[2021-04-28 16:25:47,327]-[12360]-[views_vue.py:50]-[views_vue:userInfo]-[ERROR]- 登录用户：ddddddddddddddddddddddddddd
[2021-04-28 16:28:11,969]-[12360]-[views_vue.py:50]-[views_vue:userInfo]-[ERROR]- 登录用户：ddddddddddddddddddddddddddd
[2021-04-28 16:35:02,334]-[12360]-[views_vue.py:50]-[views_vue:userInfo]-[ERROR]- 登录用户：ddddddddddddddddddddddddddd
[2021-04-28 16:35:18,777]-[12360]-[views_vue.py:50]-[views_vue:userInfo]-[ERROR]- 登录用户：ddddddddddddddddddddddddddd
[2021-04-28 16:47:45,931]-[29820]-[views_vue.py:51]-[views_vue:userInfo]-[ERROR]- 登录用户：ddddddddddddddddddddddddddd
[2021-04-28 16:50:19,576]-[29820]-[views_vue.py:51]-[views_vue:userInfo]-[ERROR]- 登录用户：ddddddddddddddddddddddddddd
[2021-04-28 17:08:05,689]-[20504]-[views_vue.py:1381]-[views_vue:community]-[ERROR]- 请求出错：<HttpResponse status_code=402, "text/html; charset=utf-8">
[2021-04-28 17:08:05,689]-[20504]-[views_vue.py:1381]-[views_vue:community]-[ERROR]- 请求出错：<HttpResponse status_code=402, "text/html; charset=utf-8">
[2021-04-28 19:12:01,770]-[9612]-[views_vue.py:1381]-[views_vue:community]-[ERROR]- 请求出错：<HttpResponse status_code=402, "text/html; charset=utf-8">
[2021-04-28 19:12:01,772]-[9612]-[views_vue.py:1381]-[views_vue:community]-[ERROR]- 请求出错：<HttpResponse status_code=402, "text/html; charset=utf-8">
[2021-04-29 10:45:11,453]-[15860]-[views_vue.py:1381]-[views_vue:community]-[ERROR]- 请求出错：<HttpResponse status_code=402, "text/html; charset=utf-8">
[2021-04-29 10:45:11,454]-[15860]-[views_vue.py:1381]-[views_vue:community]-[ERROR]- 请求出错：<HttpResponse status_code=402, "text/html; charset=utf-8">
